2026-02-07 14:36:34 - Parse-WeChatMessage: chatName='🕊 流莺大院', content='[5条] 无锡-运维-0.5: 【千问】复制口令，打开千问App，奶茶零食百货免单！,8f843EVX6S,', type='text', lines=4
2026-02-07 14:36:34 - Parse-WeChatMessage: chatName='公众号', content='[2条] i深圳: 关于开展2025年度网络空间安全工程技术人才专业职称评审工作的通知', type='text', lines=3
2026-02-07 14:36:34 - Parse-WeChatMessage: chatName='飞牛fnOS粉丝群684', content='[5条] 半度微凉: 试了，访问不了，ssh可以[捂脸]', type='text', lines=4
2026-02-07 14:36:34 - Parse-WeChatMessage: chatName='乐土嗯 [已置顶]', content='"森林刷题（22:00统一处理消息）" 撤回了一条消息', type='text', lines=5
2026-02-07 14:36:34 - Parse-WeChatMessage: chatName='森林刷题（22:00统一处理消息）', content='"森林刷题（22:00统一处理消息）" 撤回了一条消息', type='text', lines=4
2026-02-07 14:36:34 - Parse-WeChatMessage: chatName='python技术交流群', content='罗家良 - 腾飞: [图片]', type='image', lines=4
2026-02-07 14:36:34 - Parse-WeChatMessage: chatName='🕊 流莺大院', content='[5条] 无锡-运维-0.5: 【千问】复制口令，打开千问App，奶茶零食百货免单！,8f843EVX6S,', type='text', lines=4
2026-02-07 14:36:34 - Parse-WeChatMessage: chatName='公众号', content='[2条] i深圳: 关于开展2025年度网络空间安全工程技术人才专业职称评审工作的通知', type='text', lines=3
2026-02-07 14:36:34 - Parse-WeChatMessage: chatName='飞牛fnOS粉丝群684', content='[5条] 半度微凉: 试了，访问不了，ssh可以[捂脸]', type='text', lines=4
2026-02-07 14:36:34 - Parse-WeChatMessage: chatName='乐土嗯 [已置顶]', content='"森林刷题（22:00统一处理消息）" 撤回了一条消息', type='text', lines=5
2026-02-07 14:36:35 - Parse-WeChatMessage: chatName='森林刷题（22:00统一处理消息）', content='"森林刷题（22:00统一处理消息）" 撤回了一条消息', type='text', lines=4
2026-02-07 14:36:35 - Parse-WeChatMessage: chatName='python技术交流群', content='罗家良 - 腾飞: [图片]', type='image', lines=4
2026-02-07 14:36:35 - Parse-WeChatMessage: chatName='🕊 流莺大院', content='[5条] 无锡-运维-0.5: 【千问】复制口令，打开千问App，奶茶零食百货免单！,8f843EVX6S,', type='text', lines=4
2026-02-07 14:36:35 - Parse-WeChatMessage: chatName='公众号', content='[2条] i深圳: 关于开展2025年度网络空间安全工程技术人才专业职称评审工作的通知', type='text', lines=3
2026-02-07 14:36:35 - Parse-WeChatMessage: chatName='飞牛fnOS粉丝群684', content='[5条] 半度微凉: 试了，访问不了，ssh可以[捂脸]', type='text', lines=4
2026-02-07 14:36:35 - Parse-WeChatMessage: chatName='乐土嗯 [已置顶]', content='"森林刷题（22:00统一处理消息）" 撤回了一条消息', type='text', lines=5
2026-02-07 14:36:35 - Parse-WeChatMessage: chatName='森林刷题（22:00统一处理消息）', content='"森林刷题（22:00统一处理消息）" 撤回了一条消息', type='text', lines=4
2026-02-07 14:36:35 - Parse-WeChatMessage: chatName='python技术交流群', content='罗家良 - 腾飞: [图片]', type='image', lines=4
2026-02-07 14:36:35 - Parse-WeChatMessage: chatName='🕊 流莺大院', content='[5条] 无锡-运维-0.5: 【千问】复制口令，打开千问App，奶茶零食百货免单！,8f843EVX6S,', type='text', lines=4
2026-02-07 14:36:35 - Parse-WeChatMessage: chatName='公众号', content='[2条] i深圳: 关于开展2025年度网络空间安全工程技术人才专业职称评审工作的通知', type='text', lines=3
2026-02-07 14:36:35 - Parse-WeChatMessage: chatName='飞牛fnOS粉丝群684', content='[5条] 半度微凉: 试了，访问不了，ssh可以[捂脸]', type='text', lines=4
2026-02-07 14:36:35 - Parse-WeChatMessage: chatName='乐土嗯 [已置顶]', content='"森林刷题（22:00统一处理消息）" 撤回了一条消息', type='text', lines=5
2026-02-07 14:36:35 - Parse-WeChatMessage: chatName='森林刷题（22:00统一处理消息）', content='"森林刷题（22:00统一处理消息）" 撤回了一条消息', type='text', lines=4
2026-02-07 14:36:35 - Parse-WeChatMessage: chatName='python技术交流群', content='罗家良 - 腾飞: [图片]', type='image', lines=4
2026-02-07 14:36:35 - Parse-WeChatMessage: chatName='🕊 流莺大院', content='[5条] 无锡-运维-0.5: 【千问】复制口令，打开千问App，奶茶零食百货免单！,8f843EVX6S,', type='text', lines=4
2026-02-07 14:36:35 - Parse-WeChatMessage: chatName='公众号', content='[2条] i深圳: 关于开展2025年度网络空间安全工程技术人才专业职称评审工作的通知', type='text', lines=3
2026-02-07 14:36:35 - Parse-WeChatMessage: chatName='飞牛fnOS粉丝群684', content='[5条] 半度微凉: 试了，访问不了，ssh可以[捂脸]', type='text', lines=4
2026-02-07 14:36:36 - Parse-WeChatMessage: chatName='乐土嗯 [已置顶]', content='"森林刷题（22:00统一处理消息）" 撤回了一条消息', type='text', lines=5
2026-02-07 14:36:36 - Parse-WeChatMessage: chatName='森林刷题（22:00统一处理消息）', content='"森林刷题（22:00统一处理消息）" 撤回了一条消息', type='text', lines=4
2026-02-07 14:36:36 - Parse-WeChatMessage: chatName='python技术交流群', content='罗家良 - 腾飞: [图片]', type='image', lines=4
2026-02-07 14:36:36 - Parse-WeChatMessage: chatName='🕊 流莺大院', content='[5条] 无锡-运维-0.5: 【千问】复制口令，打开千问App，奶茶零食百货免单！,8f843EVX6S,', type='text', lines=4
2026-02-07 14:36:36 - Parse-WeChatMessage: chatName='公众号', content='[2条] i深圳: 关于开展2025年度网络空间安全工程技术人才专业职称评审工作的通知', type='text', lines=3
2026-02-07 14:36:36 - Parse-WeChatMessage: chatName='飞牛fnOS粉丝群684', content='[5条] 半度微凉: 试了，访问不了，ssh可以[捂脸]', type='text', lines=4
2026-02-07 14:36:36 - Parse-WeChatMessage: chatName='乐土嗯 [已置顶]', content='"森林刷题（22:00统一处理消息）" 撤回了一条消息', type='text', lines=5
2026-02-07 14:36:36 - Parse-WeChatMessage: chatName='森林刷题（22:00统一处理消息）', content='"森林刷题（22:00统一处理消息）" 撤回了一条消息', type='text', lines=4
2026-02-07 14:36:36 - Parse-WeChatMessage: chatName='python技术交流群', content='罗家良 - 腾飞: [图片]', type='image', lines=4
2026-02-07 14:36:36 - Parse-WeChatMessage: chatName='🕊 流莺大院', content='[5条] 无锡-运维-0.5: 【千问】复制口令，打开千问App，奶茶零食百货免单！,8f843EVX6S,', type='text', lines=4
2026-02-07 14:36:36 - Parse-WeChatMessage: chatName='公众号', content='[2条] i深圳: 关于开展2025年度网络空间安全工程技术人才专业职称评审工作的通知', type='text', lines=3
2026-02-07 14:36:36 - Parse-WeChatMessage: chatName='飞牛fnOS粉丝群684', content='[5条] 半度微凉: 试了，访问不了，ssh可以[捂脸]', type='text', lines=4
2026-02-07 14:36:36 - Parse-WeChatMessage: chatName='乐土嗯 [已置顶]', content='"森林刷题（22:00统一处理消息）" 撤回了一条消息', type='text', lines=5
2026-02-07 14:36:36 - Parse-WeChatMessage: chatName='森林刷题（22:00统一处理消息）', content='"森林刷题（22:00统一处理消息）" 撤回了一条消息', type='text', lines=4
2026-02-07 14:36:36 - Parse-WeChatMessage: chatName='python技术交流群', content='罗家良 - 腾飞: [图片]', type='image', lines=4
2026-02-07 14:36:36 - Parse-WeChatMessage: chatName='🕊 流莺大院', content='[5条] 无锡-运维-0.5: 【千问】复制口令，打开千问App，奶茶零食百货免单！,8f843EVX6S,', type='text', lines=4
2026-02-07 14:36:36 - Parse-WeChatMessage: chatName='公众号', content='[2条] i深圳: 关于开展2025年度网络空间安全工程技术人才专业职称评审工作的通知', type='text', lines=3
2026-02-07 14:36:36 - Parse-WeChatMessage: chatName='飞牛fnOS粉丝群684', content='[5条] 半度微凉: 试了，访问不了，ssh可以[捂脸]', type='text', lines=4
2026-02-07 14:36:37 - Parse-WeChatMessage: chatName='乐土嗯 [已置顶]', content='"森林刷题（22:00统一处理消息）" 撤回了一条消息', type='text', lines=5
2026-02-07 14:36:37 - Parse-WeChatMessage: chatName='森林刷题（22:00统一处理消息）', content='"森林刷题（22:00统一处理消息）" 撤回了一条消息', type='text', lines=4
2026-02-07 14:36:37 - Parse-WeChatMessage: chatName='python技术交流群', content='罗家良 - 腾飞: [图片]', type='image', lines=4
2026-02-07 14:36:37 - Parse-WeChatMessage: chatName='🕊 流莺大院', content='[5条] 无锡-运维-0.5: 【千问】复制口令，打开千问App，奶茶零食百货免单！,8f843EVX6S,', type='text', lines=4
2026-02-07 14:36:37 - Parse-WeChatMessage: chatName='公众号', content='[2条] i深圳: 关于开展2025年度网络空间安全工程技术人才专业职称评审工作的通知', type='text', lines=3
2026-02-07 14:36:37 - Parse-WeChatMessage: chatName='飞牛fnOS粉丝群684', content='[5条] 半度微凉: 试了，访问不了，ssh可以[捂脸]', type='text', lines=4
2026-02-07 14:36:37 - Parse-WeChatMessage: chatName='乐土嗯 [已置顶]', content='"森林刷题（22:00统一处理消息）" 撤回了一条消息', type='text', lines=5
2026-02-07 14:36:37 - Parse-WeChatMessage: chatName='森林刷题（22:00统一处理消息）', content='"森林刷题（22:00统一处理消息）" 撤回了一条消息', type='text', lines=4
2026-02-07 14:36:37 - Parse-WeChatMessage: chatName='python技术交流群', content='罗家良 - 腾飞: [图片]', type='image', lines=4
2026-02-07 14:36:37 - Parse-WeChatMessage: chatName='🕊 流莺大院', content='[5条] 无锡-运维-0.5: 【千问】复制口令，打开千问App，奶茶零食百货免单！,8f843EVX6S,', type='text', lines=4
2026-02-07 14:36:37 - Parse-WeChatMessage: chatName='公众号', content='[2条] i深圳: 关于开展2025年度网络空间安全工程技术人才专业职称评审工作的通知', type='text', lines=3
2026-02-07 14:36:37 - Parse-WeChatMessage: chatName='飞牛fnOS粉丝群684', content='[5条] 半度微凉: 试了，访问不了，ssh可以[捂脸]', type='text', lines=4
2026-02-07 14:36:37 - Parse-WeChatMessage: chatName='乐土嗯 [已置顶]', content='"森林刷题（22:00统一处理消息）" 撤回了一条消息', type='text', lines=5
2026-02-07 14:36:37 - Parse-WeChatMessage: chatName='森林刷题（22:00统一处理消息）', content='"森林刷题（22:00统一处理消息）" 撤回了一条消息', type='text', lines=4
2026-02-07 14:36:37 - Parse-WeChatMessage: chatName='python技术交流群', content='罗家良 - 腾飞: [图片]', type='image', lines=4
2026-02-07 14:36:37 - Parse-WeChatMessage: chatName='🕊 流莺大院', content='[5条] 无锡-运维-0.5: 【千问】复制口令，打开千问App，奶茶零食百货免单！,8f843EVX6S,', type='text', lines=4
2026-02-07 14:36:37 - Parse-WeChatMessage: chatName='公众号', content='[2条] i深圳: 关于开展2025年度网络空间安全工程技术人才专业职称评审工作的通知', type='text', lines=3
2026-02-07 14:36:37 - Parse-WeChatMessage: chatName='飞牛fnOS粉丝群684', content='[5条] 半度微凉: 试了，访问不了，ssh可以[捂脸]', type='text', lines=4
2026-02-07 14:36:38 - Parse-WeChatMessage: chatName='乐土嗯 [已置顶]', content='"森林刷题（22:00统一处理消息）" 撤回了一条消息', type='text', lines=5
2026-02-07 14:36:38 - Parse-WeChatMessage: chatName='森林刷题（22:00统一处理消息）', content='"森林刷题（22:00统一处理消息）" 撤回了一条消息', type='text', lines=4
2026-02-07 14:36:38 - Parse-WeChatMessage: chatName='python技术交流群', content='罗家良 - 腾飞: [图片]', type='image', lines=4
2026-02-07 14:36:38 - Parse-WeChatMessage: chatName='🕊 流莺大院', content='[5条] 无锡-运维-0.5: 【千问】复制口令，打开千问App，奶茶零食百货免单！,8f843EVX6S,', type='text', lines=4
2026-02-07 14:36:38 - Parse-WeChatMessage: chatName='公众号', content='[2条] i深圳: 关于开展2025年度网络空间安全工程技术人才专业职称评审工作的通知', type='text', lines=3
2026-02-07 14:36:38 - Parse-WeChatMessage: chatName='飞牛fnOS粉丝群684', content='[5条] 半度微凉: 试了，访问不了，ssh可以[捂脸]', type='text', lines=4
2026-02-07 14:36:38 - Parse-WeChatMessage: chatName='乐土嗯 [已置顶]', content='"森林刷题（22:00统一处理消息）" 撤回了一条消息', type='text', lines=5
2026-02-07 14:36:38 - Parse-WeChatMessage: chatName='森林刷题（22:00统一处理消息）', content='"森林刷题（22:00统一处理消息）" 撤回了一条消息', type='text', lines=4
2026-02-07 14:36:38 - Parse-WeChatMessage: chatName='python技术交流群', content='罗家良 - 腾飞: [图片]', type='image', lines=4
2026-02-07 14:36:38 - Parse-WeChatMessage: chatName='🕊 流莺大院', content='[5条] 无锡-运维-0.5: 【千问】复制口令，打开千问App，奶茶零食百货免单！,8f843EVX6S,', type='text', lines=4
2026-02-07 14:36:38 - Parse-WeChatMessage: chatName='公众号', content='[2条] i深圳: 关于开展2025年度网络空间安全工程技术人才专业职称评审工作的通知', type='text', lines=3
2026-02-07 14:36:38 - Parse-WeChatMessage: chatName='飞牛fnOS粉丝群684', content='[5条] 半度微凉: 试了，访问不了，ssh可以[捂脸]', type='text', lines=4
2026-02-07 14:36:38 - Parse-WeChatMessage: chatName='乐土嗯 [已置顶]', content='"森林刷题（22:00统一处理消息）" 撤回了一条消息', type='text', lines=5
2026-02-07 14:36:38 - Parse-WeChatMessage: chatName='森林刷题（22:00统一处理消息）', content='"森林刷题（22:00统一处理消息）" 撤回了一条消息', type='text', lines=4
2026-02-07 14:36:38 - Parse-WeChatMessage: chatName='python技术交流群', content='罗家良 - 腾飞: [图片]', type='image', lines=4
2026-02-07 14:36:39 - Parse-WeChatMessage: chatName='🕊 流莺大院', content='[5条] 无锡-运维-0.5: 【千问】复制口令，打开千问App，奶茶零食百货免单！,8f843EVX6S,', type='text', lines=4
2026-02-07 14:36:39 - Parse-WeChatMessage: chatName='公众号', content='[2条] i深圳: 关于开展2025年度网络空间安全工程技术人才专业职称评审工作的通知', type='text', lines=3
2026-02-07 14:36:39 - Parse-WeChatMessage: chatName='飞牛fnOS粉丝群684', content='[5条] 半度微凉: 试了，访问不了，ssh可以[捂脸]', type='text', lines=4
2026-02-07 14:36:39 - Parse-WeChatMessage: chatName='乐土嗯 [已置顶]', content='"森林刷题（22:00统一处理消息）" 撤回了一条消息', type='text', lines=5
2026-02-07 14:36:39 - Parse-WeChatMessage: chatName='森林刷题（22:00统一处理消息）', content='"森林刷题（22:00统一处理消息）" 撤回了一条消息', type='text', lines=4
2026-02-07 14:36:39 - Parse-WeChatMessage: chatName='python技术交流群', content='罗家良 - 腾飞: [图片]', type='image', lines=4
2026-02-07 14:36:39 - Parse-WeChatMessage: chatName='🕊 流莺大院', content='[5条] 无锡-运维-0.5: 【千问】复制口令，打开千问App，奶茶零食百货免单！,8f843EVX6S,', type='text', lines=4
2026-02-07 14:36:39 - Parse-WeChatMessage: chatName='公众号', content='[2条] i深圳: 关于开展2025年度网络空间安全工程技术人才专业职称评审工作的通知', type='text', lines=3
2026-02-07 14:36:39 - Parse-WeChatMessage: chatName='飞牛fnOS粉丝群684', content='[5条] 半度微凉: 试了，访问不了，ssh可以[捂脸]', type='text', lines=4
2026-02-07 14:36:39 - Parse-WeChatMessage: chatName='乐土嗯 [已置顶]', content='"森林刷题（22:00统一处理消息）" 撤回了一条消息', type='text', lines=5
2026-02-07 14:36:39 - Parse-WeChatMessage: chatName='森林刷题（22:00统一处理消息）', content='"森林刷题（22:00统一处理消息）" 撤回了一条消息', type='text', lines=4
2026-02-07 14:36:39 - Parse-WeChatMessage: chatName='python技术交流群', content='罗家良 - 腾飞: [图片]', type='image', lines=4
2026-02-07 14:36:39 - Parse-WeChatMessage: chatName='🕊 流莺大院', content='[5条] 无锡-运维-0.5: 【千问】复制口令，打开千问App，奶茶零食百货免单！,8f843EVX6S,', type='text', lines=4
2026-02-07 14:36:39 - Parse-WeChatMessage: chatName='公众号', content='[2条] i深圳: 关于开展2025年度网络空间安全工程技术人才专业职称评审工作的通知', type='text', lines=3
2026-02-07 14:36:39 - Parse-WeChatMessage: chatName='飞牛fnOS粉丝群684', content='[5条] 半度微凉: 试了，访问不了，ssh可以[捂脸]', type='text', lines=4
2026-02-07 14:36:40 - Parse-WeChatMessage: chatName='乐土嗯 [已置顶]', content='"森林刷题（22:00统一处理消息）" 撤回了一条消息', type='text', lines=5
2026-02-07 14:36:40 - Parse-WeChatMessage: chatName='森林刷题（22:00统一处理消息）', content='"森林刷题（22:00统一处理消息）" 撤回了一条消息', type='text', lines=4
2026-02-07 14:36:40 - Parse-WeChatMessage: chatName='python技术交流群', content='罗家良 - 腾飞: [图片]', type='image', lines=4
2026-02-07 14:36:40 - Parse-WeChatMessage: chatName='🕊 流莺大院', content='[5条] 无锡-运维-0.5: 【千问】复制口令，打开千问App，奶茶零食百货免单！,8f843EVX6S,', type='text', lines=4
2026-02-07 14:36:40 - Parse-WeChatMessage: chatName='公众号', content='[2条] i深圳: 关于开展2025年度网络空间安全工程技术人才专业职称评审工作的通知', type='text', lines=3
2026-02-07 14:36:40 - Parse-WeChatMessage: chatName='飞牛fnOS粉丝群684', content='[5条] 半度微凉: 试了，访问不了，ssh可以[捂脸]', type='text', lines=4
2026-02-07 14:36:40 - Parse-WeChatMessage: chatName='乐土嗯 [已置顶]', content='"森林刷题（22:00统一处理消息）" 撤回了一条消息', type='text', lines=5
2026-02-07 14:36:40 - Parse-WeChatMessage: chatName='森林刷题（22:00统一处理消息）', content='"森林刷题（22:00统一处理消息）" 撤回了一条消息', type='text', lines=4
2026-02-07 14:36:40 - Parse-WeChatMessage: chatName='python技术交流群', content='罗家良 - 腾飞: [图片]', type='image', lines=4
2026-02-07 14:36:40 - Parse-WeChatMessage: chatName='🕊 流莺大院', content='[5条] 无锡-运维-0.5: 【千问】复制口令，打开千问App，奶茶零食百货免单！,8f843EVX6S,', type='text', lines=4
2026-02-07 14:36:40 - Parse-WeChatMessage: chatName='公众号', content='[2条] i深圳: 关于开展2025年度网络空间安全工程技术人才专业职称评审工作的通知', type='text', lines=3
2026-02-07 14:36:40 - Parse-WeChatMessage: chatName='飞牛fnOS粉丝群684', content='[5条] 半度微凉: 试了，访问不了，ssh可以[捂脸]', type='text', lines=4
2026-02-07 14:36:40 - Parse-WeChatMessage: chatName='乐土嗯 [已置顶]', content='"森林刷题（22:00统一处理消息）" 撤回了一条消息', type='text', lines=5
2026-02-07 14:36:40 - Parse-WeChatMessage: chatName='森林刷题（22:00统一处理消息）', content='"森林刷题（22:00统一处理消息）" 撤回了一条消息', type='text', lines=4
2026-02-07 14:36:40 - Parse-WeChatMessage: chatName='python技术交流群', content='罗家良 - 腾飞: [图片]', type='image', lines=4
2026-02-07 14:36:40 - Parse-WeChatMessage: chatName='🕊 流莺大院', content='[5条] 无锡-运维-0.5: 【千问】复制口令，打开千问App，奶茶零食百货免单！,8f843EVX6S,', type='text', lines=4
2026-02-07 14:36:40 - Parse-WeChatMessage: chatName='公众号', content='[2条] i深圳: 关于开展2025年度网络空间安全工程技术人才专业职称评审工作的通知', type='text', lines=3
2026-02-07 14:36:40 - Parse-WeChatMessage: chatName='飞牛fnOS粉丝群684', content='[5条] 半度微凉: 试了，访问不了，ssh可以[捂脸]', type='text', lines=4
2026-02-07 14:36:41 - Parse-WeChatMessage: chatName='乐土嗯 [已置顶]', content='"森林刷题（22:00统一处理消息）" 撤回了一条消息', type='text', lines=5
2026-02-07 14:36:41 - Parse-WeChatMessage: chatName='森林刷题（22:00统一处理消息）', content='"森林刷题（22:00统一处理消息）" 撤回了一条消息', type='text', lines=4
2026-02-07 14:36:41 - Parse-WeChatMessage: chatName='python技术交流群', content='罗家良 - 腾飞: [图片]', type='image', lines=4
2026-02-07 14:36:41 - Parse-WeChatMessage: chatName='🕊 流莺大院', content='[5条] 无锡-运维-0.5: 【千问】复制口令，打开千问App，奶茶零食百货免单！,8f843EVX6S,', type='text', lines=4
2026-02-07 14:36:41 - Parse-WeChatMessage: chatName='公众号', content='[2条] i深圳: 关于开展2025年度网络空间安全工程技术人才专业职称评审工作的通知', type='text', lines=3
2026-02-07 14:36:41 - Parse-WeChatMessage: chatName='飞牛fnOS粉丝群684', content='[5条] 半度微凉: 试了，访问不了，ssh可以[捂脸]', type='text', lines=4
2026-02-07 14:36:41 - Parse-WeChatMessage: chatName='乐土嗯 [已置顶]', content='"森林刷题（22:00统一处理消息）" 撤回了一条消息', type='text', lines=5
2026-02-07 14:36:41 - Parse-WeChatMessage: chatName='森林刷题（22:00统一处理消息）', content='"森林刷题（22:00统一处理消息）" 撤回了一条消息', type='text', lines=4
2026-02-07 14:36:41 - Parse-WeChatMessage: chatName='python技术交流群', content='罗家良 - 腾飞: [图片]', type='image', lines=4
2026-02-07 14:36:41 - Parse-WeChatMessage: chatName='🕊 流莺大院', content='[5条] 无锡-运维-0.5: 【千问】复制口令，打开千问App，奶茶零食百货免单！,8f843EVX6S,', type='text', lines=4
2026-02-07 14:36:41 - Parse-WeChatMessage: chatName='公众号', content='[2条] i深圳: 关于开展2025年度网络空间安全工程技术人才专业职称评审工作的通知', type='text', lines=3
2026-02-07 14:36:41 - Parse-WeChatMessage: chatName='飞牛fnOS粉丝群684', content='[5条] 半度微凉: 试了，访问不了，ssh可以[捂脸]', type='text', lines=4
2026-02-07 14:36:41 - Parse-WeChatMessage: chatName='乐土嗯 [已置顶]', content='"森林刷题（22:00统一处理消息）" 撤回了一条消息', type='text', lines=5
2026-02-07 14:36:42 - Parse-WeChatMessage: chatName='森林刷题（22:00统一处理消息）', content='"森林刷题（22:00统一处理消息）" 撤回了一条消息', type='text', lines=4
2026-02-07 14:36:42 - Parse-WeChatMessage: chatName='python技术交流群', content='罗家良 - 腾飞: [图片]', type='image', lines=4
2026-02-07 14:36:42 - Parse-WeChatMessage: chatName='🕊 流莺大院', content='[5条] 无锡-运维-0.5: 【千问】复制口令，打开千问App，奶茶零食百货免单！,8f843EVX6S,', type='text', lines=4
2026-02-07 14:36:42 - Parse-WeChatMessage: chatName='公众号', content='[2条] i深圳: 关于开展2025年度网络空间安全工程技术人才专业职称评审工作的通知', type='text', lines=3
2026-02-07 14:36:42 - Parse-WeChatMessage: chatName='飞牛fnOS粉丝群684', content='[5条] 半度微凉: 试了，访问不了，ssh可以[捂脸]', type='text', lines=4
2026-02-07 14:36:42 - Parse-WeChatMessage: chatName='乐土嗯 [已置顶]', content='"森林刷题（22:00统一处理消息）" 撤回了一条消息', type='text', lines=5
2026-02-07 14:36:42 - Parse-WeChatMessage: chatName='森林刷题（22:00统一处理消息）', content='"森林刷题（22:00统一处理消息）" 撤回了一条消息', type='text', lines=4
2026-02-07 14:36:42 - Parse-WeChatMessage: chatName='python技术交流群', content='罗家良 - 腾飞: [图片]', type='image', lines=4
2026-02-07 14:36:42 - Parse-WeChatMessage: chatName='🕊 流莺大院', content='[5条] 无锡-运维-0.5: 【千问】复制口令，打开千问App，奶茶零食百货免单！,8f843EVX6S,', type='text', lines=4
2026-02-07 14:36:42 - Parse-WeChatMessage: chatName='公众号', content='[2条] i深圳: 关于开展2025年度网络空间安全工程技术人才专业职称评审工作的通知', type='text', lines=3
2026-02-07 14:36:42 - Parse-WeChatMessage: chatName='飞牛fnOS粉丝群684', content='[5条] 半度微凉: 试了，访问不了，ssh可以[捂脸]', type='text', lines=4
2026-02-07 14:36:42 - Parse-WeChatMessage: chatName='乐土嗯 [已置顶]', content='"森林刷题（22:00统一处理消息）" 撤回了一条消息', type='text', lines=5
2026-02-07 14:36:42 - Parse-WeChatMessage: chatName='森林刷题（22:00统一处理消息）', content='"森林刷题（22:00统一处理消息）" 撤回了一条消息', type='text', lines=4
2026-02-07 14:36:42 - Parse-WeChatMessage: chatName='python技术交流群', content='罗家良 - 腾飞: [图片]', type='image', lines=4
2026-02-07 14:36:42 - Parse-WeChatMessage: chatName='🕊 流莺大院', content='[5条] 无锡-运维-0.5: 【千问】复制口令，打开千问App，奶茶零食百货免单！,8f843EVX6S,', type='text', lines=4
2026-02-07 14:36:42 - Parse-WeChatMessage: chatName='公众号', content='[2条] i深圳: 关于开展2025年度网络空间安全工程技术人才专业职称评审工作的通知', type='text', lines=3
2026-02-07 14:36:42 - Parse-WeChatMessage: chatName='飞牛fnOS粉丝群684', content='[5条] 半度微凉: 试了，访问不了，ssh可以[捂脸]', type='text', lines=4
2026-02-07 14:36:43 - Parse-WeChatMessage: chatName='乐土嗯 [已置顶]', content='"森林刷题（22:00统一处理消息）" 撤回了一条消息', type='text', lines=5
2026-02-07 14:36:43 - Parse-WeChatMessage: chatName='森林刷题（22:00统一处理消息）', content='"森林刷题（22:00统一处理消息）" 撤回了一条消息', type='text', lines=4
2026-02-07 14:36:43 - Parse-WeChatMessage: chatName='python技术交流群', content='罗家良 - 腾飞: [图片]', type='image', lines=4
2026-02-07 14:36:43 - Parse-WeChatMessage: chatName='🕊 流莺大院', content='[5条] 无锡-运维-0.5: 【千问】复制口令，打开千问App，奶茶零食百货免单！,8f843EVX6S,', type='text', lines=4
2026-02-07 14:36:43 - Parse-WeChatMessage: chatName='公众号', content='[2条] i深圳: 关于开展2025年度网络空间安全工程技术人才专业职称评审工作的通知', type='text', lines=3
2026-02-07 14:36:43 - Parse-WeChatMessage: chatName='飞牛fnOS粉丝群684', content='[5条] 半度微凉: 试了，访问不了，ssh可以[捂脸]', type='text', lines=4
2026-02-07 14:36:43 - Parse-WeChatMessage: chatName='乐土嗯 [已置顶]', content='"森林刷题（22:00统一处理消息）" 撤回了一条消息', type='text', lines=5
2026-02-07 14:36:43 - Parse-WeChatMessage: chatName='森林刷题（22:00统一处理消息）', content='"森林刷题（22:00统一处理消息）" 撤回了一条消息', type='text', lines=4
2026-02-07 14:36:43 - Parse-WeChatMessage: chatName='python技术交流群', content='罗家良 - 腾飞: [图片]', type='image', lines=4
2026-02-07 14:36:43 - Parse-WeChatMessage: chatName='🕊 流莺大院', content='[5条] 无锡-运维-0.5: 【千问】复制口令，打开千问App，奶茶零食百货免单！,8f843EVX6S,', type='text', lines=4
2026-02-07 14:36:43 - Parse-WeChatMessage: chatName='公众号', content='[2条] i深圳: 关于开展2025年度网络空间安全工程技术人才专业职称评审工作的通知', type='text', lines=3
2026-02-07 14:36:43 - Parse-WeChatMessage: chatName='飞牛fnOS粉丝群684', content='[5条] 半度微凉: 试了，访问不了，ssh可以[捂脸]', type='text', lines=4
2026-02-07 14:36:43 - Parse-WeChatMessage: chatName='乐土嗯 [已置顶]', content='"森林刷题（22:00统一处理消息）" 撤回了一条消息', type='text', lines=5
2026-02-07 14:36:43 - Parse-WeChatMessage: chatName='森林刷题（22:00统一处理消息）', content='"森林刷题（22:00统一处理消息）" 撤回了一条消息', type='text', lines=4
2026-02-07 14:36:43 - Parse-WeChatMessage: chatName='python技术交流群', content='罗家良 - 腾飞: [图片]', type='image', lines=4
2026-02-07 14:36:43 - Parse-WeChatMessage: chatName='🕊 流莺大院', content='[5条] 无锡-运维-0.5: 【千问】复制口令，打开千问App，奶茶零食百货免单！,8f843EVX6S,', type='text', lines=4
2026-02-07 14:36:43 - Parse-WeChatMessage: chatName='公众号', content='[2条] i深圳: 关于开展2025年度网络空间安全工程技术人才专业职称评审工作的通知', type='text', lines=3
2026-02-07 14:36:43 - Parse-WeChatMessage: chatName='飞牛fnOS粉丝群684', content='[5条] 半度微凉: 试了，访问不了，ssh可以[捂脸]', type='text', lines=4
2026-02-07 14:36:44 - Parse-WeChatMessage: chatName='乐土嗯 [已置顶]', content='"森林刷题（22:00统一处理消息）" 撤回了一条消息', type='text', lines=5
2026-02-07 14:36:44 - Parse-WeChatMessage: chatName='森林刷题（22:00统一处理消息）', content='"森林刷题（22:00统一处理消息）" 撤回了一条消息', type='text', lines=4
2026-02-07 14:36:44 - Parse-WeChatMessage: chatName='python技术交流群', content='罗家良 - 腾飞: [图片]', type='image', lines=4
2026-02-07 14:36:44 - Parse-WeChatMessage: chatName='🕊 流莺大院', content='[5条] 无锡-运维-0.5: 【千问】复制口令，打开千问App，奶茶零食百货免单！,8f843EVX6S,', type='text', lines=4
2026-02-07 14:36:44 - Parse-WeChatMessage: chatName='公众号', content='[2条] i深圳: 关于开展2025年度网络空间安全工程技术人才专业职称评审工作的通知', type='text', lines=3
2026-02-07 14:36:44 - Parse-WeChatMessage: chatName='飞牛fnOS粉丝群684', content='[5条] 半度微凉: 试了，访问不了，ssh可以[捂脸]', type='text', lines=4
2026-02-07 14:36:44 - Parse-WeChatMessage: chatName='乐土嗯 [已置顶]', content='"森林刷题（22:00统一处理消息）" 撤回了一条消息', type='text', lines=5
2026-02-07 14:36:44 - Parse-WeChatMessage: chatName='森林刷题（22:00统一处理消息）', content='"森林刷题（22:00统一处理消息）" 撤回了一条消息', type='text', lines=4
2026-02-07 14:36:44 - Parse-WeChatMessage: chatName='python技术交流群', content='罗家良 - 腾飞: [图片]', type='image', lines=4
2026-02-07 14:36:44 - Parse-WeChatMessage: chatName='🕊 流莺大院', content='[5条] 无锡-运维-0.5: 【千问】复制口令，打开千问App，奶茶零食百货免单！,8f843EVX6S,', type='text', lines=4
2026-02-07 14:36:44 - Parse-WeChatMessage: chatName='公众号', content='[2条] i深圳: 关于开展2025年度网络空间安全工程技术人才专业职称评审工作的通知', type='text', lines=3
2026-02-07 14:36:44 - Parse-WeChatMessage: chatName='飞牛fnOS粉丝群684', content='[5条] 半度微凉: 试了，访问不了，ssh可以[捂脸]', type='text', lines=4
2026-02-07 14:36:44 - Parse-WeChatMessage: chatName='乐土嗯 [已置顶]', content='"森林刷题（22:00统一处理消息）" 撤回了一条消息', type='text', lines=5
2026-02-07 14:36:45 - Parse-WeChatMessage: chatName='森林刷题（22:00统一处理消息）', content='"森林刷题（22:00统一处理消息）" 撤回了一条消息', type='text', lines=4
2026-02-07 14:36:45 - Parse-WeChatMessage: chatName='python技术交流群', content='罗家良 - 腾飞: [图片]', type='image', lines=4
2026-02-07 14:36:45 - Parse-WeChatMessage: chatName='🕊 流莺大院', content='[5条] 无锡-运维-0.5: 【千问】复制口令，打开千问App，奶茶零食百货免单！,8f843EVX6S,', type='text', lines=4
2026-02-07 14:36:45 - Parse-WeChatMessage: chatName='公众号', content='[2条] i深圳: 关于开展2025年度网络空间安全工程技术人才专业职称评审工作的通知', type='text', lines=3
2026-02-07 14:36:45 - Parse-WeChatMessage: chatName='飞牛fnOS粉丝群684', content='[5条] 半度微凉: 试了，访问不了，ssh可以[捂脸]', type='text', lines=4
2026-02-07 14:36:45 - Parse-WeChatMessage: chatName='乐土嗯 [已置顶]', content='"森林刷题（22:00统一处理消息）" 撤回了一条消息', type='text', lines=5
2026-02-07 14:36:45 - Parse-WeChatMessage: chatName='森林刷题（22:00统一处理消息）', content='"森林刷题（22:00统一处理消息）" 撤回了一条消息', type='text', lines=4
2026-02-07 14:36:45 - Parse-WeChatMessage: chatName='python技术交流群', content='罗家良 - 腾飞: [图片]', type='image', lines=4
2026-02-07 14:36:45 - Parse-WeChatMessage: chatName='🕊 流莺大院', content='[5条] 无锡-运维-0.5: 【千问】复制口令，打开千问App，奶茶零食百货免单！,8f843EVX6S,', type='text', lines=4
2026-02-07 14:36:45 - Parse-WeChatMessage: chatName='公众号', content='[2条] i深圳: 关于开展2025年度网络空间安全工程技术人才专业职称评审工作的通知', type='text', lines=3
2026-02-07 14:36:45 - Parse-WeChatMessage: chatName='飞牛fnOS粉丝群684', content='[5条] 半度微凉: 试了，访问不了，ssh可以[捂脸]', type='text', lines=4
2026-02-07 14:36:45 - Parse-WeChatMessage: chatName='乐土嗯 [已置顶]', content='"森林刷题（22:00统一处理消息）" 撤回了一条消息', type='text', lines=5
2026-02-07 14:36:45 - Parse-WeChatMessage: chatName='森林刷题（22:00统一处理消息）', content='"森林刷题（22:00统一处理消息）" 撤回了一条消息', type='text', lines=4
2026-02-07 14:36:45 - Parse-WeChatMessage: chatName='python技术交流群', content='罗家良 - 腾飞: [图片]', type='image', lines=4
2026-02-07 14:36:45 - Parse-WeChatMessage: chatName='🕊 流莺大院', content='[5条] 无锡-运维-0.5: 【千问】复制口令，打开千问App，奶茶零食百货免单！,8f843EVX6S,', type='text', lines=4
2026-02-07 14:36:45 - Parse-WeChatMessage: chatName='公众号', content='[2条] i深圳: 关于开展2025年度网络空间安全工程技术人才专业职称评审工作的通知', type='text', lines=3
2026-02-07 14:36:45 - Parse-WeChatMessage: chatName='飞牛fnOS粉丝群684', content='[5条] 半度微凉: 试了，访问不了，ssh可以[捂脸]', type='text', lines=4
2026-02-07 14:36:46 - Parse-WeChatMessage: chatName='乐土嗯 [已置顶]', content='"森林刷题（22:00统一处理消息）" 撤回了一条消息', type='text', lines=5
2026-02-07 14:36:46 - Parse-WeChatMessage: chatName='森林刷题（22:00统一处理消息）', content='"森林刷题（22:00统一处理消息）" 撤回了一条消息', type='text', lines=4
2026-02-07 14:36:46 - Parse-WeChatMessage: chatName='python技术交流群', content='罗家良 - 腾飞: [图片]', type='image', lines=4
2026-02-07 14:36:46 - Parse-WeChatMessage: chatName='🕊 流莺大院', content='[5条] 无锡-运维-0.5: 【千问】复制口令，打开千问App，奶茶零食百货免单！,8f843EVX6S,', type='text', lines=4
2026-02-07 14:36:46 - Parse-WeChatMessage: chatName='公众号', content='[2条] i深圳: 关于开展2025年度网络空间安全工程技术人才专业职称评审工作的通知', type='text', lines=3
2026-02-07 14:36:46 - Parse-WeChatMessage: chatName='飞牛fnOS粉丝群684', content='[5条] 半度微凉: 试了，访问不了，ssh可以[捂脸]', type='text', lines=4
2026-02-07 14:36:46 - Parse-WeChatMessage: chatName='乐土嗯 [已置顶]', content='"森林刷题（22:00统一处理消息）" 撤回了一条消息', type='text', lines=5
2026-02-07 14:36:46 - Parse-WeChatMessage: chatName='森林刷题（22:00统一处理消息）', content='"森林刷题（22:00统一处理消息）" 撤回了一条消息', type='text', lines=4
2026-02-07 14:36:46 - Parse-WeChatMessage: chatName='python技术交流群', content='罗家良 - 腾飞: [图片]', type='image', lines=4
2026-02-07 14:36:46 - Parse-WeChatMessage: chatName='🕊 流莺大院', content='[5条] 无锡-运维-0.5: 【千问】复制口令，打开千问App，奶茶零食百货免单！,8f843EVX6S,', type='text', lines=4
2026-02-07 14:36:46 - Parse-WeChatMessage: chatName='公众号', content='[2条] i深圳: 关于开展2025年度网络空间安全工程技术人才专业职称评审工作的通知', type='text', lines=3
2026-02-07 14:36:46 - Parse-WeChatMessage: chatName='飞牛fnOS粉丝群684', content='[5条] 半度微凉: 试了，访问不了，ssh可以[捂脸]', type='text', lines=4
2026-02-07 14:36:46 - Parse-WeChatMessage: chatName='乐土嗯 [已置顶]', content='"森林刷题（22:00统一处理消息）" 撤回了一条消息', type='text', lines=5
2026-02-07 14:36:46 - Parse-WeChatMessage: chatName='森林刷题（22:00统一处理消息）', content='"森林刷题（22:00统一处理消息）" 撤回了一条消息', type='text', lines=4
2026-02-07 14:36:46 - Parse-WeChatMessage: chatName='python技术交流群', content='罗家良 - 腾飞: [图片]', type='image', lines=4
2026-02-07 14:36:46 - Parse-WeChatMessage: chatName='🕊 流莺大院', content='[5条] 无锡-运维-0.5: 【千问】复制口令，打开千问App，奶茶零食百货免单！,8f843EVX6S,', type='text', lines=4
2026-02-07 14:36:47 - Parse-WeChatMessage: chatName='公众号', content='[2条] i深圳: 关于开展2025年度网络空间安全工程技术人才专业职称评审工作的通知', type='text', lines=3
2026-02-07 14:36:47 - Parse-WeChatMessage: chatName='飞牛fnOS粉丝群684', content='[5条] 半度微凉: 试了，访问不了，ssh可以[捂脸]', type='text', lines=4
2026-02-07 14:36:47 - Parse-WeChatMessage: chatName='乐土嗯 [已置顶]', content='"森林刷题（22:00统一处理消息）" 撤回了一条消息', type='text', lines=5
2026-02-07 14:36:47 - Parse-WeChatMessage: chatName='森林刷题（22:00统一处理消息）', content='"森林刷题（22:00统一处理消息）" 撤回了一条消息', type='text', lines=4
2026-02-07 14:36:47 - Parse-WeChatMessage: chatName='python技术交流群', content='罗家良 - 腾飞: [图片]', type='image', lines=4
2026-02-07 14:36:47 - Parse-WeChatMessage: chatName='🕊 流莺大院', content='[5条] 无锡-运维-0.5: 【千问】复制口令，打开千问App，奶茶零食百货免单！,8f843EVX6S,', type='text', lines=4
2026-02-07 14:36:47 - Parse-WeChatMessage: chatName='公众号', content='[2条] i深圳: 关于开展2025年度网络空间安全工程技术人才专业职称评审工作的通知', type='text', lines=3
2026-02-07 14:36:47 - Parse-WeChatMessage: chatName='飞牛fnOS粉丝群684', content='[5条] 半度微凉: 试了，访问不了，ssh可以[捂脸]', type='text', lines=4
2026-02-07 14:36:47 - Parse-WeChatMessage: chatName='乐土嗯 [已置顶]', content='"森林刷题（22:00统一处理消息）" 撤回了一条消息', type='text', lines=5
2026-02-07 14:36:47 - Parse-WeChatMessage: chatName='森林刷题（22:00统一处理消息）', content='"森林刷题（22:00统一处理消息）" 撤回了一条消息', type='text', lines=4
2026-02-07 14:36:47 - Parse-WeChatMessage: chatName='python技术交流群', content='罗家良 - 腾飞: [图片]', type='image', lines=4
2026-02-07 14:36:47 - Parse-WeChatMessage: chatName='🕊 流莺大院', content='[5条] 无锡-运维-0.5: 【千问】复制口令，打开千问App，奶茶零食百货免单！,8f843EVX6S,', type='text', lines=4
2026-02-07 14:36:47 - Parse-WeChatMessage: chatName='公众号', content='[2条] i深圳: 关于开展2025年度网络空间安全工程技术人才专业职称评审工作的通知', type='text', lines=3
2026-02-07 14:36:47 - Parse-WeChatMessage: chatName='飞牛fnOS粉丝群684', content='[5条] 半度微凉: 试了，访问不了，ssh可以[捂脸]', type='text', lines=4
2026-02-07 14:36:48 - Parse-WeChatMessage: chatName='乐土嗯 [已置顶]', content='"森林刷题（22:00统一处理消息）" 撤回了一条消息', type='text', lines=5
2026-02-07 14:36:48 - Parse-WeChatMessage: chatName='森林刷题（22:00统一处理消息）', content='"森林刷题（22:00统一处理消息）" 撤回了一条消息', type='text', lines=4
2026-02-07 14:36:48 - Parse-WeChatMessage: chatName='python技术交流群', content='罗家良 - 腾飞: [图片]', type='image', lines=4
2026-02-07 14:36:48 - Parse-WeChatMessage: chatName='🕊 流莺大院', content='[5条] 无锡-运维-0.5: 【千问】复制口令，打开千问App，奶茶零食百货免单！,8f843EVX6S,', type='text', lines=4
2026-02-07 14:36:48 - Parse-WeChatMessage: chatName='公众号', content='[2条] i深圳: 关于开展2025年度网络空间安全工程技术人才专业职称评审工作的通知', type='text', lines=3
2026-02-07 14:36:48 - Parse-WeChatMessage: chatName='飞牛fnOS粉丝群684', content='[5条] 半度微凉: 试了，访问不了，ssh可以[捂脸]', type='text', lines=4
2026-02-07 14:36:48 - Parse-WeChatMessage: chatName='乐土嗯 [已置顶]', content='"森林刷题（22:00统一处理消息）" 撤回了一条消息', type='text', lines=5
2026-02-07 14:36:48 - Parse-WeChatMessage: chatName='森林刷题（22:00统一处理消息）', content='"森林刷题（22:00统一处理消息）" 撤回了一条消息', type='text', lines=4
2026-02-07 14:36:48 - Parse-WeChatMessage: chatName='python技术交流群', content='罗家良 - 腾飞: [图片]', type='image', lines=4
2026-02-07 14:36:48 - Parse-WeChatMessage: chatName='🕊 流莺大院', content='[5条] 无锡-运维-0.5: 【千问】复制口令，打开千问App，奶茶零食百货免单！,8f843EVX6S,', type='text', lines=4
2026-02-07 14:36:48 - Parse-WeChatMessage: chatName='公众号', content='[2条] i深圳: 关于开展2025年度网络空间安全工程技术人才专业职称评审工作的通知', type='text', lines=3
2026-02-07 14:36:48 - Parse-WeChatMessage: chatName='飞牛fnOS粉丝群684', content='[5条] 半度微凉: 试了，访问不了，ssh可以[捂脸]', type='text', lines=4
2026-02-07 14:36:48 - Parse-WeChatMessage: chatName='乐土嗯 [已置顶]', content='"森林刷题（22:00统一处理消息）" 撤回了一条消息', type='text', lines=5
2026-02-07 14:36:48 - Parse-WeChatMessage: chatName='森林刷题（22:00统一处理消息）', content='"森林刷题（22:00统一处理消息）" 撤回了一条消息', type='text', lines=4
2026-02-07 14:36:48 - Parse-WeChatMessage: chatName='python技术交流群', content='罗家良 - 腾飞: [图片]', type='image', lines=4
2026-02-07 14:36:48 - Parse-WeChatMessage: chatName='🕊 流莺大院', content='[5条] 无锡-运维-0.5: 【千问】复制口令，打开千问App，奶茶零食百货免单！,8f843EVX6S,', type='text', lines=4
2026-02-07 14:36:48 - Parse-WeChatMessage: chatName='公众号', content='[2条] i深圳: 关于开展2025年度网络空间安全工程技术人才专业职称评审工作的通知', type='text', lines=3
2026-02-07 14:36:48 - Parse-WeChatMessage: chatName='飞牛fnOS粉丝群684', content='[5条] 半度微凉: 试了，访问不了，ssh可以[捂脸]', type='text', lines=4
2026-02-07 14:36:49 - Parse-WeChatMessage: chatName='乐土嗯 [已置顶]', content='"森林刷题（22:00统一处理消息）" 撤回了一条消息', type='text', lines=5
2026-02-07 14:36:49 - Parse-WeChatMessage: chatName='森林刷题（22:00统一处理消息）', content='"森林刷题（22:00统一处理消息）" 撤回了一条消息', type='text', lines=4
2026-02-07 14:36:49 - Parse-WeChatMessage: chatName='python技术交流群', content='罗家良 - 腾飞: [图片]', type='image', lines=4
2026-02-07 14:36:49 - Parse-WeChatMessage: chatName='🕊 流莺大院', content='[5条] 无锡-运维-0.5: 【千问】复制口令，打开千问App，奶茶零食百货免单！,8f843EVX6S,', type='text', lines=4
2026-02-07 14:36:49 - Parse-WeChatMessage: chatName='公众号', content='[2条] i深圳: 关于开展2025年度网络空间安全工程技术人才专业职称评审工作的通知', type='text', lines=3
2026-02-07 14:36:49 - Parse-WeChatMessage: chatName='飞牛fnOS粉丝群684', content='[5条] 半度微凉: 试了，访问不了，ssh可以[捂脸]', type='text', lines=4
2026-02-07 14:36:49 - Parse-WeChatMessage: chatName='乐土嗯 [已置顶]', content='"森林刷题（22:00统一处理消息）" 撤回了一条消息', type='text', lines=5
2026-02-07 14:36:49 - Parse-WeChatMessage: chatName='森林刷题（22:00统一处理消息）', content='"森林刷题（22:00统一处理消息）" 撤回了一条消息', type='text', lines=4
2026-02-07 14:36:49 - Parse-WeChatMessage: chatName='python技术交流群', content='罗家良 - 腾飞: [图片]', type='image', lines=4
2026-02-07 14:36:49 - Parse-WeChatMessage: chatName='🕊 流莺大院', content='[5条] 无锡-运维-0.5: 【千问】复制口令，打开千问App，奶茶零食百货免单！,8f843EVX6S,', type='text', lines=4
2026-02-07 14:36:49 - Parse-WeChatMessage: chatName='公众号', content='[2条] i深圳: 关于开展2025年度网络空间安全工程技术人才专业职称评审工作的通知', type='text', lines=3
2026-02-07 14:36:49 - Parse-WeChatMessage: chatName='飞牛fnOS粉丝群684', content='[5条] 半度微凉: 试了，访问不了，ssh可以[捂脸]', type='text', lines=4
2026-02-07 14:36:49 - Parse-WeChatMessage: chatName='乐土嗯 [已置顶]', content='"森林刷题（22:00统一处理消息）" 撤回了一条消息', type='text', lines=5
2026-02-07 14:36:50 - Parse-WeChatMessage: chatName='森林刷题（22:00统一处理消息）', content='"森林刷题（22:00统一处理消息）" 撤回了一条消息', type='text', lines=4
2026-02-07 14:36:50 - Parse-WeChatMessage: chatName='python技术交流群', content='罗家良 - 腾飞: [图片]', type='image', lines=4
2026-02-07 14:36:50 - Parse-WeChatMessage: chatName='🕊 流莺大院', content='[5条] 无锡-运维-0.5: 【千问】复制口令，打开千问App，奶茶零食百货免单！,8f843EVX6S,', type='text', lines=4
2026-02-07 14:36:50 - Parse-WeChatMessage: chatName='公众号', content='[2条] i深圳: 关于开展2025年度网络空间安全工程技术人才专业职称评审工作的通知', type='text', lines=3
2026-02-07 14:36:50 - Parse-WeChatMessage: chatName='飞牛fnOS粉丝群684', content='[5条] 半度微凉: 试了，访问不了，ssh可以[捂脸]', type='text', lines=4
2026-02-07 14:36:50 - Parse-WeChatMessage: chatName='乐土嗯 [已置顶]', content='"森林刷题（22:00统一处理消息）" 撤回了一条消息', type='text', lines=5
2026-02-07 14:36:50 - Parse-WeChatMessage: chatName='森林刷题（22:00统一处理消息）', content='"森林刷题（22:00统一处理消息）" 撤回了一条消息', type='text', lines=4
2026-02-07 14:36:50 - Parse-WeChatMessage: chatName='python技术交流群', content='罗家良 - 腾飞: [图片]', type='image', lines=4
2026-02-07 14:36:50 - Parse-WeChatMessage: chatName='🕊 流莺大院', content='[5条] 无锡-运维-0.5: 【千问】复制口令，打开千问App，奶茶零食百货免单！,8f843EVX6S,', type='text', lines=4
2026-02-07 14:36:50 - Parse-WeChatMessage: chatName='公众号', content='[2条] i深圳: 关于开展2025年度网络空间安全工程技术人才专业职称评审工作的通知', type='text', lines=3
2026-02-07 14:36:50 - Parse-WeChatMessage: chatName='飞牛fnOS粉丝群684', content='[5条] 半度微凉: 试了，访问不了，ssh可以[捂脸]', type='text', lines=4
2026-02-07 14:36:50 - Parse-WeChatMessage: chatName='乐土嗯 [已置顶]', content='"森林刷题（22:00统一处理消息）" 撤回了一条消息', type='text', lines=5
2026-02-07 14:36:50 - Parse-WeChatMessage: chatName='森林刷题（22:00统一处理消息）', content='"森林刷题（22:00统一处理消息）" 撤回了一条消息', type='text', lines=4
2026-02-07 14:36:50 - Parse-WeChatMessage: chatName='python技术交流群', content='罗家良 - 腾飞: [图片]', type='image', lines=4
2026-02-07 14:36:50 - Parse-WeChatMessage: chatName='🕊 流莺大院', content='[5条] 无锡-运维-0.5: 【千问】复制口令，打开千问App，奶茶零食百货免单！,8f843EVX6S,', type='text', lines=4
2026-02-07 14:36:50 - Parse-WeChatMessage: chatName='公众号', content='[2条] i深圳: 关于开展2025年度网络空间安全工程技术人才专业职称评审工作的通知', type='text', lines=3
2026-02-07 14:36:50 - Parse-WeChatMessage: chatName='飞牛fnOS粉丝群684', content='[5条] 半度微凉: 试了，访问不了，ssh可以[捂脸]', type='text', lines=4
2026-02-07 14:36:51 - Parse-WeChatMessage: chatName='乐土嗯 [已置顶]', content='"森林刷题（22:00统一处理消息）" 撤回了一条消息', type='text', lines=5
2026-02-07 14:36:51 - Parse-WeChatMessage: chatName='森林刷题（22:00统一处理消息）', content='"森林刷题（22:00统一处理消息）" 撤回了一条消息', type='text', lines=4
2026-02-07 14:36:51 - Parse-WeChatMessage: chatName='python技术交流群', content='罗家良 - 腾飞: [图片]', type='image', lines=4
2026-02-07 14:36:51 - Parse-WeChatMessage: chatName='🕊 流莺大院', content='[5条] 无锡-运维-0.5: 【千问】复制口令，打开千问App，奶茶零食百货免单！,8f843EVX6S,', type='text', lines=4
2026-02-07 14:36:51 - Parse-WeChatMessage: chatName='公众号', content='[2条] i深圳: 关于开展2025年度网络空间安全工程技术人才专业职称评审工作的通知', type='text', lines=3
2026-02-07 14:36:51 - Parse-WeChatMessage: chatName='飞牛fnOS粉丝群684', content='[5条] 半度微凉: 试了，访问不了，ssh可以[捂脸]', type='text', lines=4
2026-02-07 14:36:51 - Parse-WeChatMessage: chatName='乐土嗯 [已置顶]', content='"森林刷题（22:00统一处理消息）" 撤回了一条消息', type='text', lines=5
2026-02-07 14:36:51 - Parse-WeChatMessage: chatName='森林刷题（22:00统一处理消息）', content='"森林刷题（22:00统一处理消息）" 撤回了一条消息', type='text', lines=4
2026-02-07 14:36:51 - Parse-WeChatMessage: chatName='python技术交流群', content='罗家良 - 腾飞: [图片]', type='image', lines=4
2026-02-07 14:36:51 - Parse-WeChatMessage: chatName='🕊 流莺大院', content='[5条] 无锡-运维-0.5: 【千问】复制口令，打开千问App，奶茶零食百货免单！,8f843EVX6S,', type='text', lines=4
2026-02-07 14:36:51 - Parse-WeChatMessage: chatName='公众号', content='[2条] i深圳: 关于开展2025年度网络空间安全工程技术人才专业职称评审工作的通知', type='text', lines=3
2026-02-07 14:36:51 - Parse-WeChatMessage: chatName='飞牛fnOS粉丝群684', content='[5条] 半度微凉: 试了，访问不了，ssh可以[捂脸]', type='text', lines=4
2026-02-07 14:36:51 - Parse-WeChatMessage: chatName='乐土嗯 [已置顶]', content='"森林刷题（22:00统一处理消息）" 撤回了一条消息', type='text', lines=5
2026-02-07 14:36:51 - Parse-WeChatMessage: chatName='森林刷题（22:00统一处理消息）', content='"森林刷题（22:00统一处理消息）" 撤回了一条消息', type='text', lines=4
2026-02-07 14:36:51 - Parse-WeChatMessage: chatName='python技术交流群', content='罗家良 - 腾飞: [图片]', type='image', lines=4
2026-02-07 14:36:51 - Parse-WeChatMessage: chatName='🕊 流莺大院', content='[5条] 无锡-运维-0.5: 【千问】复制口令，打开千问App，奶茶零食百货免单！,8f843EVX6S,', type='text', lines=4
2026-02-07 14:36:51 - Parse-WeChatMessage: chatName='公众号', content='[2条] i深圳: 关于开展2025年度网络空间安全工程技术人才专业职称评审工作的通知', type='text', lines=3
2026-02-07 14:36:52 - Parse-WeChatMessage: chatName='飞牛fnOS粉丝群684', content='[5条] 半度微凉: 试了，访问不了，ssh可以[捂脸]', type='text', lines=4
2026-02-07 14:36:52 - Parse-WeChatMessage: chatName='乐土嗯 [已置顶]', content='"森林刷题（22:00统一处理消息）" 撤回了一条消息', type='text', lines=5
2026-02-07 14:36:52 - Parse-WeChatMessage: chatName='森林刷题（22:00统一处理消息）', content='"森林刷题（22:00统一处理消息）" 撤回了一条消息', type='text', lines=4
2026-02-07 14:36:52 - Parse-WeChatMessage: chatName='python技术交流群', content='罗家良 - 腾飞: [图片]', type='image', lines=4
2026-02-07 14:36:52 - Parse-WeChatMessage: chatName='🕊 流莺大院', content='[5条] 无锡-运维-0.5: 【千问】复制口令，打开千问App，奶茶零食百货免单！,8f843EVX6S,', type='text', lines=4
2026-02-07 14:36:52 - Parse-WeChatMessage: chatName='公众号', content='[2条] i深圳: 关于开展2025年度网络空间安全工程技术人才专业职称评审工作的通知', type='text', lines=3
2026-02-07 14:36:52 - Parse-WeChatMessage: chatName='飞牛fnOS粉丝群684', content='[5条] 半度微凉: 试了，访问不了，ssh可以[捂脸]', type='text', lines=4
2026-02-07 14:36:52 - Parse-WeChatMessage: chatName='乐土嗯 [已置顶]', content='"森林刷题（22:00统一处理消息）" 撤回了一条消息', type='text', lines=5
2026-02-07 14:36:52 - Parse-WeChatMessage: chatName='森林刷题（22:00统一处理消息）', content='"森林刷题（22:00统一处理消息）" 撤回了一条消息', type='text', lines=4
2026-02-07 14:36:52 - Parse-WeChatMessage: chatName='python技术交流群', content='罗家良 - 腾飞: [图片]', type='image', lines=4
2026-02-07 14:36:52 - Parse-WeChatMessage: chatName='🕊 流莺大院', content='[5条] 无锡-运维-0.5: 【千问】复制口令，打开千问App，奶茶零食百货免单！,8f843EVX6S,', type='text', lines=4
2026-02-07 14:36:52 - Parse-WeChatMessage: chatName='公众号', content='[2条] i深圳: 关于开展2025年度网络空间安全工程技术人才专业职称评审工作的通知', type='text', lines=3
2026-02-07 14:36:52 - Parse-WeChatMessage: chatName='飞牛fnOS粉丝群684', content='[5条] 半度微凉: 试了，访问不了，ssh可以[捂脸]', type='text', lines=4
2026-02-07 14:36:53 - Parse-WeChatMessage: chatName='乐土嗯 [已置顶]', content='"森林刷题（22:00统一处理消息）" 撤回了一条消息', type='text', lines=5
2026-02-07 14:36:53 - Parse-WeChatMessage: chatName='森林刷题（22:00统一处理消息）', content='"森林刷题（22:00统一处理消息）" 撤回了一条消息', type='text', lines=4
2026-02-07 14:36:53 - Parse-WeChatMessage: chatName='python技术交流群', content='罗家良 - 腾飞: [图片]', type='image', lines=4
2026-02-07 14:36:53 - Parse-WeChatMessage: chatName='🕊 流莺大院', content='[5条] 无锡-运维-0.5: 【千问】复制口令，打开千问App，奶茶零食百货免单！,8f843EVX6S,', type='text', lines=4
2026-02-07 14:36:53 - Parse-WeChatMessage: chatName='公众号', content='[2条] i深圳: 关于开展2025年度网络空间安全工程技术人才专业职称评审工作的通知', type='text', lines=3
2026-02-07 14:36:53 - Parse-WeChatMessage: chatName='飞牛fnOS粉丝群684', content='[5条] 半度微凉: 试了，访问不了，ssh可以[捂脸]', type='text', lines=4
2026-02-07 14:36:53 - Parse-WeChatMessage: chatName='乐土嗯 [已置顶]', content='"森林刷题（22:00统一处理消息）" 撤回了一条消息', type='text', lines=5
2026-02-07 14:36:53 - Parse-WeChatMessage: chatName='森林刷题（22:00统一处理消息）', content='"森林刷题（22:00统一处理消息）" 撤回了一条消息', type='text', lines=4
2026-02-07 14:36:53 - Parse-WeChatMessage: chatName='python技术交流群', content='罗家良 - 腾飞: [图片]', type='image', lines=4
2026-02-07 14:36:53 - Parse-WeChatMessage: chatName='🕊 流莺大院', content='[5条] 无锡-运维-0.5: 【千问】复制口令，打开千问App，奶茶零食百货免单！,8f843EVX6S,', type='text', lines=4
2026-02-07 14:36:53 - Parse-WeChatMessage: chatName='公众号', content='[2条] i深圳: 关于开展2025年度网络空间安全工程技术人才专业职称评审工作的通知', type='text', lines=3
2026-02-07 14:36:53 - Parse-WeChatMessage: chatName='飞牛fnOS粉丝群684', content='[5条] 半度微凉: 试了，访问不了，ssh可以[捂脸]', type='text', lines=4
2026-02-07 14:36:53 - Parse-WeChatMessage: chatName='乐土嗯 [已置顶]', content='"森林刷题（22:00统一处理消息）" 撤回了一条消息', type='text', lines=5
2026-02-07 14:36:53 - Parse-WeChatMessage: chatName='森林刷题（22:00统一处理消息）', content='"森林刷题（22:00统一处理消息）" 撤回了一条消息', type='text', lines=4
2026-02-07 14:36:53 - Parse-WeChatMessage: chatName='python技术交流群', content='罗家良 - 腾飞: [图片]', type='image', lines=4
2026-02-07 14:36:53 - Parse-WeChatMessage: chatName='🕊 流莺大院', content='[5条] 无锡-运维-0.5: 【千问】复制口令，打开千问App，奶茶零食百货免单！,8f843EVX6S,', type='text', lines=4
2026-02-07 14:36:53 - Parse-WeChatMessage: chatName='公众号', content='[2条] i深圳: 关于开展2025年度网络空间安全工程技术人才专业职称评审工作的通知', type='text', lines=3
2026-02-07 14:36:53 - Parse-WeChatMessage: chatName='飞牛fnOS粉丝群684', content='[5条] 半度微凉: 试了，访问不了，ssh可以[捂脸]', type='text', lines=4
2026-02-07 14:36:54 - Parse-WeChatMessage: chatName='乐土嗯 [已置顶]', content='"森林刷题（22:00统一处理消息）" 撤回了一条消息', type='text', lines=5
2026-02-07 14:36:54 - Parse-WeChatMessage: chatName='森林刷题（22:00统一处理消息）', content='"森林刷题（22:00统一处理消息）" 撤回了一条消息', type='text', lines=4
2026-02-07 14:36:54 - Parse-WeChatMessage: chatName='python技术交流群', content='罗家良 - 腾飞: [图片]', type='image', lines=4
2026-02-07 14:36:54 - Parse-WeChatMessage: chatName='🕊 流莺大院', content='[5条] 无锡-运维-0.5: 【千问】复制口令，打开千问App，奶茶零食百货免单！,8f843EVX6S,', type='text', lines=4
2026-02-07 14:36:54 - Parse-WeChatMessage: chatName='公众号', content='[2条] i深圳: 关于开展2025年度网络空间安全工程技术人才专业职称评审工作的通知', type='text', lines=3
2026-02-07 14:36:54 - Parse-WeChatMessage: chatName='飞牛fnOS粉丝群684', content='[5条] 半度微凉: 试了，访问不了，ssh可以[捂脸]', type='text', lines=4
2026-02-07 14:36:54 - Parse-WeChatMessage: chatName='乐土嗯 [已置顶]', content='"森林刷题（22:00统一处理消息）" 撤回了一条消息', type='text', lines=5
2026-02-07 14:36:54 - Parse-WeChatMessage: chatName='森林刷题（22:00统一处理消息）', content='"森林刷题（22:00统一处理消息）" 撤回了一条消息', type='text', lines=4
2026-02-07 14:36:54 - Parse-WeChatMessage: chatName='python技术交流群', content='罗家良 - 腾飞: [图片]', type='image', lines=4
2026-02-07 14:36:54 - Parse-WeChatMessage: chatName='🕊 流莺大院', content='[5条] 无锡-运维-0.5: 【千问】复制口令，打开千问App，奶茶零食百货免单！,8f843EVX6S,', type='text', lines=4
2026-02-07 14:36:54 - Parse-WeChatMessage: chatName='公众号', content='[2条] i深圳: 关于开展2025年度网络空间安全工程技术人才专业职称评审工作的通知', type='text', lines=3
2026-02-07 14:36:54 - Parse-WeChatMessage: chatName='飞牛fnOS粉丝群684', content='[5条] 半度微凉: 试了，访问不了，ssh可以[捂脸]', type='text', lines=4
2026-02-07 14:36:54 - Parse-WeChatMessage: chatName='乐土嗯 [已置顶]', content='"森林刷题（22:00统一处理消息）" 撤回了一条消息', type='text', lines=5
2026-02-07 14:36:54 - Parse-WeChatMessage: chatName='森林刷题（22:00统一处理消息）', content='"森林刷题（22:00统一处理消息）" 撤回了一条消息', type='text', lines=4
2026-02-07 14:36:54 - Parse-WeChatMessage: chatName='python技术交流群', content='罗家良 - 腾飞: [图片]', type='image', lines=4
2026-02-07 14:36:54 - Parse-WeChatMessage: chatName='🕊 流莺大院', content='[5条] 无锡-运维-0.5: 【千问】复制口令，打开千问App，奶茶零食百货免单！,8f843EVX6S,', type='text', lines=4
2026-02-07 14:36:54 - Parse-WeChatMessage: chatName='公众号', content='[2条] i深圳: 关于开展2025年度网络空间安全工程技术人才专业职称评审工作的通知', type='text', lines=3
2026-02-07 14:36:54 - Parse-WeChatMessage: chatName='飞牛fnOS粉丝群684', content='[5条] 半度微凉: 试了，访问不了，ssh可以[捂脸]', type='text', lines=4
2026-02-07 14:36:55 - Parse-WeChatMessage: chatName='乐土嗯 [已置顶]', content='"森林刷题（22:00统一处理消息）" 撤回了一条消息', type='text', lines=5
2026-02-07 14:36:55 - Parse-WeChatMessage: chatName='森林刷题（22:00统一处理消息）', content='"森林刷题（22:00统一处理消息）" 撤回了一条消息', type='text', lines=4
2026-02-07 14:36:55 - Parse-WeChatMessage: chatName='python技术交流群', content='罗家良 - 腾飞: [图片]', type='image', lines=4
2026-02-07 14:36:55 - Parse-WeChatMessage: chatName='🕊 流莺大院', content='[5条] 无锡-运维-0.5: 【千问】复制口令，打开千问App，奶茶零食百货免单！,8f843EVX6S,', type='text', lines=4
2026-02-07 14:36:55 - Parse-WeChatMessage: chatName='公众号', content='[2条] i深圳: 关于开展2025年度网络空间安全工程技术人才专业职称评审工作的通知', type='text', lines=3
2026-02-07 14:36:55 - Parse-WeChatMessage: chatName='飞牛fnOS粉丝群684', content='[5条] 半度微凉: 试了，访问不了，ssh可以[捂脸]', type='text', lines=4
2026-02-07 14:36:55 - Parse-WeChatMessage: chatName='乐土嗯 [已置顶]', content='"森林刷题（22:00统一处理消息）" 撤回了一条消息', type='text', lines=5
2026-02-07 14:36:55 - Parse-WeChatMessage: chatName='森林刷题（22:00统一处理消息）', content='"森林刷题（22:00统一处理消息）" 撤回了一条消息', type='text', lines=4
2026-02-07 14:36:55 - Parse-WeChatMessage: chatName='python技术交流群', content='罗家良 - 腾飞: [图片]', type='image', lines=4
2026-02-07 14:36:55 - Parse-WeChatMessage: chatName='🕊 流莺大院', content='[5条] 无锡-运维-0.5: 【千问】复制口令，打开千问App，奶茶零食百货免单！,8f843EVX6S,', type='text', lines=4
2026-02-07 14:36:55 - Parse-WeChatMessage: chatName='公众号', content='[2条] i深圳: 关于开展2025年度网络空间安全工程技术人才专业职称评审工作的通知', type='text', lines=3
2026-02-07 14:36:55 - Parse-WeChatMessage: chatName='飞牛fnOS粉丝群684', content='[5条] 半度微凉: 试了，访问不了，ssh可以[捂脸]', type='text', lines=4
2026-02-07 14:36:55 - Parse-WeChatMessage: chatName='乐土嗯 [已置顶]', content='"森林刷题（22:00统一处理消息）" 撤回了一条消息', type='text', lines=5
2026-02-07 14:36:55 - Parse-WeChatMessage: chatName='森林刷题（22:00统一处理消息）', content='"森林刷题（22:00统一处理消息）" 撤回了一条消息', type='text', lines=4
2026-02-07 14:36:55 - Parse-WeChatMessage: chatName='python技术交流群', content='罗家良 - 腾飞: [图片]', type='image', lines=4
2026-02-07 14:36:56 - Parse-WeChatMessage: chatName='🕊 流莺大院', content='[5条] 无锡-运维-0.5: 【千问】复制口令，打开千问App，奶茶零食百货免单！,8f843EVX6S,', type='text', lines=4
2026-02-07 14:36:56 - Parse-WeChatMessage: chatName='公众号', content='[2条] i深圳: 关于开展2025年度网络空间安全工程技术人才专业职称评审工作的通知', type='text', lines=3
2026-02-07 14:36:56 - Parse-WeChatMessage: chatName='飞牛fnOS粉丝群684', content='[5条] 半度微凉: 试了，访问不了，ssh可以[捂脸]', type='text', lines=4
2026-02-07 14:36:56 - Parse-WeChatMessage: chatName='乐土嗯 [已置顶]', content='"森林刷题（22:00统一处理消息）" 撤回了一条消息', type='text', lines=5
2026-02-07 14:36:56 - Parse-WeChatMessage: chatName='森林刷题（22:00统一处理消息）', content='"森林刷题（22:00统一处理消息）" 撤回了一条消息', type='text', lines=4
2026-02-07 14:36:56 - Parse-WeChatMessage: chatName='python技术交流群', content='罗家良 - 腾飞: [图片]', type='image', lines=4
2026-02-07 14:36:56 - Parse-WeChatMessage: chatName='🕊 流莺大院', content='[5条] 无锡-运维-0.5: 【千问】复制口令，打开千问App，奶茶零食百货免单！,8f843EVX6S,', type='text', lines=4
2026-02-07 14:36:56 - Parse-WeChatMessage: chatName='公众号', content='[2条] i深圳: 关于开展2025年度网络空间安全工程技术人才专业职称评审工作的通知', type='text', lines=3
2026-02-07 14:36:56 - Parse-WeChatMessage: chatName='飞牛fnOS粉丝群684', content='[5条] 半度微凉: 试了，访问不了，ssh可以[捂脸]', type='text', lines=4
2026-02-07 14:36:56 - Parse-WeChatMessage: chatName='乐土嗯 [已置顶]', content='"森林刷题（22:00统一处理消息）" 撤回了一条消息', type='text', lines=5
2026-02-07 14:36:56 - Parse-WeChatMessage: chatName='森林刷题（22:00统一处理消息）', content='"森林刷题（22:00统一处理消息）" 撤回了一条消息', type='text', lines=4
2026-02-07 14:36:56 - Parse-WeChatMessage: chatName='python技术交流群', content='罗家良 - 腾飞: [图片]', type='image', lines=4
2026-02-07 14:36:56 - Parse-WeChatMessage: chatName='🕊 流莺大院', content='[5条] 无锡-运维-0.5: 【千问】复制口令，打开千问App，奶茶零食百货免单！,8f843EVX6S,', type='text', lines=4
2026-02-07 14:36:56 - Parse-WeChatMessage: chatName='公众号', content='[2条] i深圳: 关于开展2025年度网络空间安全工程技术人才专业职称评审工作的通知', type='text', lines=3
2026-02-07 14:36:56 - Parse-WeChatMessage: chatName='飞牛fnOS粉丝群684', content='[5条] 半度微凉: 试了，访问不了，ssh可以[捂脸]', type='text', lines=4
2026-02-07 14:36:57 - Parse-WeChatMessage: chatName='乐土嗯 [已置顶]', content='"森林刷题（22:00统一处理消息）" 撤回了一条消息', type='text', lines=5
2026-02-07 14:36:57 - Parse-WeChatMessage: chatName='森林刷题（22:00统一处理消息）', content='"森林刷题（22:00统一处理消息）" 撤回了一条消息', type='text', lines=4
2026-02-07 14:36:57 - Parse-WeChatMessage: chatName='python技术交流群', content='罗家良 - 腾飞: [图片]', type='image', lines=4
2026-02-07 14:36:57 - Parse-WeChatMessage: chatName='🕊 流莺大院', content='[5条] 无锡-运维-0.5: 【千问】复制口令，打开千问App，奶茶零食百货免单！,8f843EVX6S,', type='text', lines=4
2026-02-07 14:36:57 - Parse-WeChatMessage: chatName='公众号', content='[2条] i深圳: 关于开展2025年度网络空间安全工程技术人才专业职称评审工作的通知', type='text', lines=3
2026-02-07 14:36:57 - Parse-WeChatMessage: chatName='飞牛fnOS粉丝群684', content='[5条] 半度微凉: 试了，访问不了，ssh可以[捂脸]', type='text', lines=4
2026-02-07 14:36:57 - Parse-WeChatMessage: chatName='乐土嗯 [已置顶]', content='"森林刷题（22:00统一处理消息）" 撤回了一条消息', type='text', lines=5
2026-02-07 14:36:57 - Parse-WeChatMessage: chatName='森林刷题（22:00统一处理消息）', content='"森林刷题（22:00统一处理消息）" 撤回了一条消息', type='text', lines=4
2026-02-07 14:36:57 - Parse-WeChatMessage: chatName='python技术交流群', content='罗家良 - 腾飞: [图片]', type='image', lines=4
2026-02-07 14:36:57 - Parse-WeChatMessage: chatName='🕊 流莺大院', content='[5条] 无锡-运维-0.5: 【千问】复制口令，打开千问App，奶茶零食百货免单！,8f843EVX6S,', type='text', lines=4
2026-02-07 14:36:57 - Parse-WeChatMessage: chatName='公众号', content='[2条] i深圳: 关于开展2025年度网络空间安全工程技术人才专业职称评审工作的通知', type='text', lines=3
2026-02-07 14:36:57 - Parse-WeChatMessage: chatName='飞牛fnOS粉丝群684', content='[5条] 半度微凉: 试了，访问不了，ssh可以[捂脸]', type='text', lines=4
2026-02-07 14:36:57 - Parse-WeChatMessage: chatName='乐土嗯 [已置顶]', content='"森林刷题（22:00统一处理消息）" 撤回了一条消息', type='text', lines=5
2026-02-07 14:36:57 - Parse-WeChatMessage: chatName='森林刷题（22:00统一处理消息）', content='"森林刷题（22:00统一处理消息）" 撤回了一条消息', type='text', lines=4
2026-02-07 14:36:57 - Parse-WeChatMessage: chatName='python技术交流群', content='罗家良 - 腾飞: [图片]', type='image', lines=4
2026-02-07 14:36:57 - Parse-WeChatMessage: chatName='🕊 流莺大院', content='[5条] 无锡-运维-0.5: 【千问】复制口令，打开千问App，奶茶零食百货免单！,8f843EVX6S,', type='text', lines=4
2026-02-07 14:36:57 - Parse-WeChatMessage: chatName='公众号', content='[2条] i深圳: 关于开展2025年度网络空间安全工程技术人才专业职称评审工作的通知', type='text', lines=3
2026-02-07 14:36:57 - Parse-WeChatMessage: chatName='飞牛fnOS粉丝群684', content='[5条] 半度微凉: 试了，访问不了，ssh可以[捂脸]', type='text', lines=4
2026-02-07 14:36:58 - Parse-WeChatMessage: chatName='乐土嗯 [已置顶]', content='"森林刷题（22:00统一处理消息）" 撤回了一条消息', type='text', lines=5
2026-02-07 14:36:58 - Parse-WeChatMessage: chatName='森林刷题（22:00统一处理消息）', content='"森林刷题（22:00统一处理消息）" 撤回了一条消息', type='text', lines=4
2026-02-07 14:36:58 - Parse-WeChatMessage: chatName='python技术交流群', content='罗家良 - 腾飞: [图片]', type='image', lines=4
2026-02-07 14:36:58 - Parse-WeChatMessage: chatName='🕊 流莺大院', content='[5条] 无锡-运维-0.5: 【千问】复制口令，打开千问App，奶茶零食百货免单！,8f843EVX6S,', type='text', lines=4
2026-02-07 14:36:58 - Parse-WeChatMessage: chatName='公众号', content='[2条] i深圳: 关于开展2025年度网络空间安全工程技术人才专业职称评审工作的通知', type='text', lines=3
2026-02-07 14:36:58 - Parse-WeChatMessage: chatName='飞牛fnOS粉丝群684', content='[5条] 半度微凉: 试了，访问不了，ssh可以[捂脸]', type='text', lines=4
2026-02-07 14:36:58 - Parse-WeChatMessage: chatName='乐土嗯 [已置顶]', content='"森林刷题（22:00统一处理消息）" 撤回了一条消息', type='text', lines=5
2026-02-07 14:36:58 - Parse-WeChatMessage: chatName='森林刷题（22:00统一处理消息）', content='"森林刷题（22:00统一处理消息）" 撤回了一条消息', type='text', lines=4
2026-02-07 14:36:58 - Parse-WeChatMessage: chatName='python技术交流群', content='罗家良 - 腾飞: [图片]', type='image', lines=4
2026-02-07 14:36:58 - Parse-WeChatMessage: chatName='🕊 流莺大院', content='[5条] 无锡-运维-0.5: 【千问】复制口令，打开千问App，奶茶零食百货免单！,8f843EVX6S,', type='text', lines=4
2026-02-07 14:36:58 - Parse-WeChatMessage: chatName='公众号', content='[2条] i深圳: 关于开展2025年度网络空间安全工程技术人才专业职称评审工作的通知', type='text', lines=3
2026-02-07 14:36:58 - Parse-WeChatMessage: chatName='飞牛fnOS粉丝群684', content='[5条] 半度微凉: 试了，访问不了，ssh可以[捂脸]', type='text', lines=4
2026-02-07 14:36:58 - Parse-WeChatMessage: chatName='乐土嗯 [已置顶]', content='"森林刷题（22:00统一处理消息）" 撤回了一条消息', type='text', lines=5
2026-02-07 14:36:58 - Parse-WeChatMessage: chatName='森林刷题（22:00统一处理消息）', content='"森林刷题（22:00统一处理消息）" 撤回了一条消息', type='text', lines=4
2026-02-07 14:36:59 - Parse-WeChatMessage: chatName='python技术交流群', content='罗家良 - 腾飞: [图片]', type='image', lines=4
2026-02-07 14:36:59 - Parse-WeChatMessage: chatName='🕊 流莺大院', content='[5条] 无锡-运维-0.5: 【千问】复制口令，打开千问App，奶茶零食百货免单！,8f843EVX6S,', type='text', lines=4
2026-02-07 14:36:59 - Parse-WeChatMessage: chatName='公众号', content='[2条] i深圳: 关于开展2025年度网络空间安全工程技术人才专业职称评审工作的通知', type='text', lines=3
2026-02-07 14:36:59 - Parse-WeChatMessage: chatName='飞牛fnOS粉丝群684', content='[5条] 半度微凉: 试了，访问不了，ssh可以[捂脸]', type='text', lines=4
2026-02-07 14:36:59 - Parse-WeChatMessage: chatName='乐土嗯 [已置顶]', content='"森林刷题（22:00统一处理消息）" 撤回了一条消息', type='text', lines=5
2026-02-07 14:36:59 - Parse-WeChatMessage: chatName='森林刷题（22:00统一处理消息）', content='"森林刷题（22:00统一处理消息）" 撤回了一条消息', type='text', lines=4
2026-02-07 14:36:59 - Parse-WeChatMessage: chatName='python技术交流群', content='罗家良 - 腾飞: [图片]', type='image', lines=4
2026-02-07 14:36:59 - Parse-WeChatMessage: chatName='🕊 流莺大院', content='[5条] 无锡-运维-0.5: 【千问】复制口令，打开千问App，奶茶零食百货免单！,8f843EVX6S,', type='text', lines=4
2026-02-07 14:36:59 - Parse-WeChatMessage: chatName='公众号', content='[2条] i深圳: 关于开展2025年度网络空间安全工程技术人才专业职称评审工作的通知', type='text', lines=3
2026-02-07 14:36:59 - Parse-WeChatMessage: chatName='飞牛fnOS粉丝群684', content='[5条] 半度微凉: 试了，访问不了，ssh可以[捂脸]', type='text', lines=4
2026-02-07 14:36:59 - Parse-WeChatMessage: chatName='乐土嗯 [已置顶]', content='"森林刷题（22:00统一处理消息）" 撤回了一条消息', type='text', lines=5
2026-02-07 14:36:59 - Parse-WeChatMessage: chatName='森林刷题（22:00统一处理消息）', content='"森林刷题（22:00统一处理消息）" 撤回了一条消息', type='text', lines=4
2026-02-07 14:36:59 - Parse-WeChatMessage: chatName='python技术交流群', content='罗家良 - 腾飞: [图片]', type='image', lines=4
2026-02-07 14:36:59 - Parse-WeChatMessage: chatName='🕊 流莺大院', content='[5条] 无锡-运维-0.5: 【千问】复制口令，打开千问App，奶茶零食百货免单！,8f843EVX6S,', type='text', lines=4
2026-02-07 14:36:59 - Parse-WeChatMessage: chatName='公众号', content='[2条] i深圳: 关于开展2025年度网络空间安全工程技术人才专业职称评审工作的通知', type='text', lines=3
2026-02-07 14:36:59 - Parse-WeChatMessage: chatName='飞牛fnOS粉丝群684', content='[5条] 半度微凉: 试了，访问不了，ssh可以[捂脸]', type='text', lines=4
2026-02-07 14:37:00 - Parse-WeChatMessage: chatName='乐土嗯 [已置顶]', content='"森林刷题（22:00统一处理消息）" 撤回了一条消息', type='text', lines=5
2026-02-07 14:37:00 - Parse-WeChatMessage: chatName='森林刷题（22:00统一处理消息）', content='"森林刷题（22:00统一处理消息）" 撤回了一条消息', type='text', lines=4
2026-02-07 14:37:00 - Parse-WeChatMessage: chatName='python技术交流群', content='罗家良 - 腾飞: [图片]', type='image', lines=4
2026-02-07 14:37:00 - Parse-WeChatMessage: chatName='🕊 流莺大院', content='[5条] 无锡-运维-0.5: 【千问】复制口令，打开千问App，奶茶零食百货免单！,8f843EVX6S,', type='text', lines=4
2026-02-07 14:37:00 - Parse-WeChatMessage: chatName='公众号', content='[2条] i深圳: 关于开展2025年度网络空间安全工程技术人才专业职称评审工作的通知', type='text', lines=3
2026-02-07 14:37:00 - Parse-WeChatMessage: chatName='飞牛fnOS粉丝群684', content='[5条] 半度微凉: 试了，访问不了，ssh可以[捂脸]', type='text', lines=4
2026-02-07 14:37:00 - Parse-WeChatMessage: chatName='乐土嗯 [已置顶]', content='"森林刷题（22:00统一处理消息）" 撤回了一条消息', type='text', lines=5
2026-02-07 14:37:00 - Parse-WeChatMessage: chatName='森林刷题（22:00统一处理消息）', content='"森林刷题（22:00统一处理消息）" 撤回了一条消息', type='text', lines=4
2026-02-07 14:37:00 - Parse-WeChatMessage: chatName='python技术交流群', content='罗家良 - 腾飞: [图片]', type='image', lines=4
2026-02-07 14:37:00 - Parse-WeChatMessage: chatName='🕊 流莺大院', content='[5条] 无锡-运维-0.5: 【千问】复制口令，打开千问App，奶茶零食百货免单！,8f843EVX6S,', type='text', lines=4
2026-02-07 14:37:00 - Parse-WeChatMessage: chatName='公众号', content='[2条] i深圳: 关于开展2025年度网络空间安全工程技术人才专业职称评审工作的通知', type='text', lines=3
2026-02-07 14:37:00 - Parse-WeChatMessage: chatName='飞牛fnOS粉丝群684', content='[5条] 半度微凉: 试了，访问不了，ssh可以[捂脸]', type='text', lines=4
2026-02-07 14:37:00 - Parse-WeChatMessage: chatName='乐土嗯 [已置顶]', content='"森林刷题（22:00统一处理消息）" 撤回了一条消息', type='text', lines=5
2026-02-07 14:37:00 - Parse-WeChatMessage: chatName='森林刷题（22:00统一处理消息）', content='"森林刷题（22:00统一处理消息）" 撤回了一条消息', type='text', lines=4
2026-02-07 14:37:00 - Parse-WeChatMessage: chatName='python技术交流群', content='罗家良 - 腾飞: [图片]', type='image', lines=4
2026-02-07 14:37:00 - Parse-WeChatMessage: chatName='🕊 流莺大院', content='[5条] 无锡-运维-0.5: 【千问】复制口令，打开千问App，奶茶零食百货免单！,8f843EVX6S,', type='text', lines=4
2026-02-07 14:37:00 - Parse-WeChatMessage: chatName='公众号', content='[2条] i深圳: 关于开展2025年度网络空间安全工程技术人才专业职称评审工作的通知', type='text', lines=3
2026-02-07 14:37:00 - Parse-WeChatMessage: chatName='飞牛fnOS粉丝群684', content='[5条] 半度微凉: 试了，访问不了，ssh可以[捂脸]', type='text', lines=4
2026-02-07 14:37:01 - Parse-WeChatMessage: chatName='乐土嗯 [已置顶]', content='"森林刷题（22:00统一处理消息）" 撤回了一条消息', type='text', lines=5
2026-02-07 14:37:01 - Parse-WeChatMessage: chatName='森林刷题（22:00统一处理消息）', content='"森林刷题（22:00统一处理消息）" 撤回了一条消息', type='text', lines=4
2026-02-07 14:37:01 - Parse-WeChatMessage: chatName='python技术交流群', content='罗家良 - 腾飞: [图片]', type='image', lines=4
2026-02-07 14:37:01 - Parse-WeChatMessage: chatName='🕊 流莺大院', content='[5条] 无锡-运维-0.5: 【千问】复制口令，打开千问App，奶茶零食百货免单！,8f843EVX6S,', type='text', lines=4
2026-02-07 14:37:01 - Parse-WeChatMessage: chatName='公众号', content='[2条] i深圳: 关于开展2025年度网络空间安全工程技术人才专业职称评审工作的通知', type='text', lines=3
2026-02-07 14:37:01 - Parse-WeChatMessage: chatName='飞牛fnOS粉丝群684', content='[5条] 半度微凉: 试了，访问不了，ssh可以[捂脸]', type='text', lines=4
2026-02-07 14:37:01 - Parse-WeChatMessage: chatName='乐土嗯 [已置顶]', content='"森林刷题（22:00统一处理消息）" 撤回了一条消息', type='text', lines=5
2026-02-07 14:37:01 - Parse-WeChatMessage: chatName='森林刷题（22:00统一处理消息）', content='"森林刷题（22:00统一处理消息）" 撤回了一条消息', type='text', lines=4
2026-02-07 14:37:01 - Parse-WeChatMessage: chatName='python技术交流群', content='罗家良 - 腾飞: [图片]', type='image', lines=4
2026-02-07 14:37:01 - Parse-WeChatMessage: chatName='🕊 流莺大院', content='[5条] 无锡-运维-0.5: 【千问】复制口令，打开千问App，奶茶零食百货免单！,8f843EVX6S,', type='text', lines=4
2026-02-07 14:37:01 - Parse-WeChatMessage: chatName='公众号', content='[2条] i深圳: 关于开展2025年度网络空间安全工程技术人才专业职称评审工作的通知', type='text', lines=3
2026-02-07 14:37:01 - Parse-WeChatMessage: chatName='飞牛fnOS粉丝群684', content='[5条] 半度微凉: 试了，访问不了，ssh可以[捂脸]', type='text', lines=4
2026-02-07 14:37:01 - Parse-WeChatMessage: chatName='乐土嗯 [已置顶]', content='"森林刷题（22:00统一处理消息）" 撤回了一条消息', type='text', lines=5
2026-02-07 14:37:01 - Parse-WeChatMessage: chatName='森林刷题（22:00统一处理消息）', content='"森林刷题（22:00统一处理消息）" 撤回了一条消息', type='text', lines=4
2026-02-07 14:37:01 - Parse-WeChatMessage: chatName='python技术交流群', content='罗家良 - 腾飞: [图片]', type='image', lines=4
2026-02-07 14:37:01 - Parse-WeChatMessage: chatName='🕊 流莺大院', content='[5条] 无锡-运维-0.5: 【千问】复制口令，打开千问App，奶茶零食百货免单！,8f843EVX6S,', type='text', lines=4
2026-02-07 14:37:01 - Parse-WeChatMessage: chatName='公众号', content='[2条] i深圳: 关于开展2025年度网络空间安全工程技术人才专业职称评审工作的通知', type='text', lines=3
2026-02-07 14:37:01 - Parse-WeChatMessage: chatName='飞牛fnOS粉丝群684', content='[5条] 半度微凉: 试了，访问不了，ssh可以[捂脸]', type='text', lines=4
2026-02-07 14:37:02 - Parse-WeChatMessage: chatName='乐土嗯 [已置顶]', content='"森林刷题（22:00统一处理消息）" 撤回了一条消息', type='text', lines=5
2026-02-07 14:37:02 - Parse-WeChatMessage: chatName='森林刷题（22:00统一处理消息）', content='"森林刷题（22:00统一处理消息）" 撤回了一条消息', type='text', lines=4
2026-02-07 14:37:02 - Parse-WeChatMessage: chatName='python技术交流群', content='罗家良 - 腾飞: [图片]', type='image', lines=4
2026-02-07 14:37:02 - Parse-WeChatMessage: chatName='🕊 流莺大院', content='[5条] 无锡-运维-0.5: 【千问】复制口令，打开千问App，奶茶零食百货免单！,8f843EVX6S,', type='text', lines=4
2026-02-07 14:37:02 - Parse-WeChatMessage: chatName='公众号', content='[2条] i深圳: 关于开展2025年度网络空间安全工程技术人才专业职称评审工作的通知', type='text', lines=3
2026-02-07 14:37:02 - Parse-WeChatMessage: chatName='飞牛fnOS粉丝群684', content='[5条] 半度微凉: 试了，访问不了，ssh可以[捂脸]', type='text', lines=4
2026-02-07 14:37:02 - Parse-WeChatMessage: chatName='乐土嗯 [已置顶]', content='"森林刷题（22:00统一处理消息）" 撤回了一条消息', type='text', lines=5
2026-02-07 14:37:02 - Parse-WeChatMessage: chatName='森林刷题（22:00统一处理消息）', content='"森林刷题（22:00统一处理消息）" 撤回了一条消息', type='text', lines=4
2026-02-07 14:37:02 - Parse-WeChatMessage: chatName='python技术交流群', content='罗家良 - 腾飞: [图片]', type='image', lines=4
2026-02-07 14:37:02 - Parse-WeChatMessage: chatName='🕊 流莺大院', content='[5条] 无锡-运维-0.5: 【千问】复制口令，打开千问App，奶茶零食百货免单！,8f843EVX6S,', type='text', lines=4
2026-02-07 14:37:02 - Parse-WeChatMessage: chatName='公众号', content='[2条] i深圳: 关于开展2025年度网络空间安全工程技术人才专业职称评审工作的通知', type='text', lines=3
2026-02-07 14:37:02 - Parse-WeChatMessage: chatName='飞牛fnOS粉丝群684', content='[5条] 半度微凉: 试了，访问不了，ssh可以[捂脸]', type='text', lines=4
2026-02-07 14:37:02 - Parse-WeChatMessage: chatName='乐土嗯 [已置顶]', content='"森林刷题（22:00统一处理消息）" 撤回了一条消息', type='text', lines=5
2026-02-07 14:37:02 - Parse-WeChatMessage: chatName='森林刷题（22:00统一处理消息）', content='"森林刷题（22:00统一处理消息）" 撤回了一条消息', type='text', lines=4
2026-02-07 14:37:02 - Parse-WeChatMessage: chatName='python技术交流群', content='罗家良 - 腾飞: [图片]', type='image', lines=4
2026-02-07 14:37:02 - Parse-WeChatMessage: chatName='🕊 流莺大院', content='[5条] 无锡-运维-0.5: 【千问】复制口令，打开千问App，奶茶零食百货免单！,8f843EVX6S,', type='text', lines=4
2026-02-07 14:37:02 - Parse-WeChatMessage: chatName='公众号', content='[2条] i深圳: 关于开展2025年度网络空间安全工程技术人才专业职称评审工作的通知', type='text', lines=3
2026-02-07 14:37:03 - Parse-WeChatMessage: chatName='飞牛fnOS粉丝群684', content='[5条] 半度微凉: 试了，访问不了，ssh可以[捂脸]', type='text', lines=4
2026-02-07 14:37:03 - Parse-WeChatMessage: chatName='乐土嗯 [已置顶]', content='"森林刷题（22:00统一处理消息）" 撤回了一条消息', type='text', lines=5
2026-02-07 14:37:03 - Parse-WeChatMessage: chatName='森林刷题（22:00统一处理消息）', content='"森林刷题（22:00统一处理消息）" 撤回了一条消息', type='text', lines=4
2026-02-07 14:37:03 - Parse-WeChatMessage: chatName='python技术交流群', content='罗家良 - 腾飞: [图片]', type='image', lines=4
2026-02-07 14:37:03 - Parse-WeChatMessage: chatName='🕊 流莺大院', content='[5条] 无锡-运维-0.5: 【千问】复制口令，打开千问App，奶茶零食百货免单！,8f843EVX6S,', type='text', lines=4
2026-02-07 14:37:03 - Parse-WeChatMessage: chatName='公众号', content='[2条] i深圳: 关于开展2025年度网络空间安全工程技术人才专业职称评审工作的通知', type='text', lines=3
2026-02-07 14:37:03 - Parse-WeChatMessage: chatName='飞牛fnOS粉丝群684', content='[5条] 半度微凉: 试了，访问不了，ssh可以[捂脸]', type='text', lines=4
2026-02-07 14:37:03 - Parse-WeChatMessage: chatName='乐土嗯 [已置顶]', content='"森林刷题（22:00统一处理消息）" 撤回了一条消息', type='text', lines=5
2026-02-07 14:37:03 - Parse-WeChatMessage: chatName='森林刷题（22:00统一处理消息）', content='"森林刷题（22:00统一处理消息）" 撤回了一条消息', type='text', lines=4
2026-02-07 14:37:03 - Parse-WeChatMessage: chatName='python技术交流群', content='罗家良 - 腾飞: [图片]', type='image', lines=4
2026-02-07 14:37:03 - Parse-WeChatMessage: chatName='🕊 流莺大院', content='[5条] 无锡-运维-0.5: 【千问】复制口令，打开千问App，奶茶零食百货免单！,8f843EVX6S,', type='text', lines=4
2026-02-07 14:37:03 - Parse-WeChatMessage: chatName='公众号', content='[2条] i深圳: 关于开展2025年度网络空间安全工程技术人才专业职称评审工作的通知', type='text', lines=3
2026-02-07 14:37:03 - Parse-WeChatMessage: chatName='飞牛fnOS粉丝群684', content='[5条] 半度微凉: 试了，访问不了，ssh可以[捂脸]', type='text', lines=4
2026-02-07 14:37:03 - Parse-WeChatMessage: chatName='乐土嗯 [已置顶]', content='"森林刷题（22:00统一处理消息）" 撤回了一条消息', type='text', lines=5
2026-02-07 14:37:03 - Parse-WeChatMessage: chatName='森林刷题（22:00统一处理消息）', content='"森林刷题（22:00统一处理消息）" 撤回了一条消息', type='text', lines=4
2026-02-07 14:37:04 - Parse-WeChatMessage: chatName='python技术交流群', content='罗家良 - 腾飞: [图片]', type='image', lines=4
2026-02-07 14:37:04 - Parse-WeChatMessage: chatName='🕊 流莺大院', content='[5条] 无锡-运维-0.5: 【千问】复制口令，打开千问App，奶茶零食百货免单！,8f843EVX6S,', type='text', lines=4
2026-02-07 14:37:04 - Parse-WeChatMessage: chatName='公众号', content='[2条] i深圳: 关于开展2025年度网络空间安全工程技术人才专业职称评审工作的通知', type='text', lines=3
2026-02-07 14:37:04 - Parse-WeChatMessage: chatName='飞牛fnOS粉丝群684', content='[5条] 半度微凉: 试了，访问不了，ssh可以[捂脸]', type='text', lines=4
2026-02-07 14:37:04 - Parse-WeChatMessage: chatName='乐土嗯 [已置顶]', content='"森林刷题（22:00统一处理消息）" 撤回了一条消息', type='text', lines=5
2026-02-07 14:37:04 - Parse-WeChatMessage: chatName='森林刷题（22:00统一处理消息）', content='"森林刷题（22:00统一处理消息）" 撤回了一条消息', type='text', lines=4
2026-02-07 14:37:04 - Parse-WeChatMessage: chatName='python技术交流群', content='罗家良 - 腾飞: [图片]', type='image', lines=4
2026-02-07 14:37:04 - Parse-WeChatMessage: chatName='🕊 流莺大院', content='[5条] 无锡-运维-0.5: 【千问】复制口令，打开千问App，奶茶零食百货免单！,8f843EVX6S,', type='text', lines=4
2026-02-07 14:37:04 - Parse-WeChatMessage: chatName='公众号', content='[2条] i深圳: 关于开展2025年度网络空间安全工程技术人才专业职称评审工作的通知', type='text', lines=3
2026-02-07 14:37:04 - Parse-WeChatMessage: chatName='飞牛fnOS粉丝群684', content='[5条] 半度微凉: 试了，访问不了，ssh可以[捂脸]', type='text', lines=4
2026-02-07 14:37:04 - Parse-WeChatMessage: chatName='乐土嗯 [已置顶]', content='"森林刷题（22:00统一处理消息）" 撤回了一条消息', type='text', lines=5
2026-02-07 14:37:04 - Parse-WeChatMessage: chatName='森林刷题（22:00统一处理消息）', content='"森林刷题（22:00统一处理消息）" 撤回了一条消息', type='text', lines=4
2026-02-07 14:37:04 - Parse-WeChatMessage: chatName='python技术交流群', content='罗家良 - 腾飞: [图片]', type='image', lines=4
2026-02-07 14:37:04 - Parse-WeChatMessage: chatName='🕊 流莺大院', content='[5条] 无锡-运维-0.5: 【千问】复制口令，打开千问App，奶茶零食百货免单！,8f843EVX6S,', type='text', lines=4
2026-02-07 14:37:04 - Parse-WeChatMessage: chatName='公众号', content='[2条] i深圳: 关于开展2025年度网络空间安全工程技术人才专业职称评审工作的通知', type='text', lines=3
2026-02-07 14:37:04 - Parse-WeChatMessage: chatName='飞牛fnOS粉丝群684', content='[5条] 半度微凉: 试了，访问不了，ssh可以[捂脸]', type='text', lines=4
2026-02-07 14:37:04 - Parse-WeChatMessage: chatName='乐土嗯 [已置顶]', content='"森林刷题（22:00统一处理消息）" 撤回了一条消息', type='text', lines=5
2026-02-07 14:37:05 - Parse-WeChatMessage: chatName='森林刷题（22:00统一处理消息）', content='"森林刷题（22:00统一处理消息）" 撤回了一条消息', type='text', lines=4
2026-02-07 14:37:05 - Parse-WeChatMessage: chatName='python技术交流群', content='罗家良 - 腾飞: [图片]', type='image', lines=4
2026-02-07 14:37:05 - Parse-WeChatMessage: chatName='🕊 流莺大院', content='[5条] 无锡-运维-0.5: 【千问】复制口令，打开千问App，奶茶零食百货免单！,8f843EVX6S,', type='text', lines=4
2026-02-07 14:37:05 - Parse-WeChatMessage: chatName='公众号', content='[2条] i深圳: 关于开展2025年度网络空间安全工程技术人才专业职称评审工作的通知', type='text', lines=3
2026-02-07 14:37:05 - Parse-WeChatMessage: chatName='飞牛fnOS粉丝群684', content='[5条] 半度微凉: 试了，访问不了，ssh可以[捂脸]', type='text', lines=4
2026-02-07 14:37:05 - Parse-WeChatMessage: chatName='乐土嗯 [已置顶]', content='"森林刷题（22:00统一处理消息）" 撤回了一条消息', type='text', lines=5
2026-02-07 14:37:05 - Parse-WeChatMessage: chatName='森林刷题（22:00统一处理消息）', content='"森林刷题（22:00统一处理消息）" 撤回了一条消息', type='text', lines=4
2026-02-07 14:37:05 - Parse-WeChatMessage: chatName='python技术交流群', content='罗家良 - 腾飞: [图片]', type='image', lines=4
2026-02-07 14:37:05 - Parse-WeChatMessage: chatName='🕊 流莺大院', content='[5条] 无锡-运维-0.5: 【千问】复制口令，打开千问App，奶茶零食百货免单！,8f843EVX6S,', type='text', lines=4
2026-02-07 14:37:05 - Parse-WeChatMessage: chatName='公众号', content='[2条] i深圳: 关于开展2025年度网络空间安全工程技术人才专业职称评审工作的通知', type='text', lines=3
2026-02-07 14:37:05 - Parse-WeChatMessage: chatName='飞牛fnOS粉丝群684', content='[5条] 半度微凉: 试了，访问不了，ssh可以[捂脸]', type='text', lines=4
2026-02-07 14:37:05 - Parse-WeChatMessage: chatName='乐土嗯 [已置顶]', content='"森林刷题（22:00统一处理消息）" 撤回了一条消息', type='text', lines=5
2026-02-07 14:37:05 - Parse-WeChatMessage: chatName='森林刷题（22:00统一处理消息）', content='"森林刷题（22:00统一处理消息）" 撤回了一条消息', type='text', lines=4
2026-02-07 14:37:05 - Parse-WeChatMessage: chatName='python技术交流群', content='罗家良 - 腾飞: [图片]', type='image', lines=4
2026-02-07 14:37:05 - Parse-WeChatMessage: chatName='🕊 流莺大院', content='[5条] 无锡-运维-0.5: 【千问】复制口令，打开千问App，奶茶零食百货免单！,8f843EVX6S,', type='text', lines=4
2026-02-07 14:37:05 - Parse-WeChatMessage: chatName='公众号', content='[2条] i深圳: 关于开展2025年度网络空间安全工程技术人才专业职称评审工作的通知', type='text', lines=3
2026-02-07 14:37:05 - Parse-WeChatMessage: chatName='飞牛fnOS粉丝群684', content='[5条] 半度微凉: 试了，访问不了，ssh可以[捂脸]', type='text', lines=4
