2026-02-05 15:55:36 - Skip: 豆鲨包警告 - Count: 4 - Already emitted
2026-02-05 15:55:37 - Parse-WeChatMessage: chatName='🕊 流莺大院', content='[12条] 失业-5-废物的能小右-美团月卡: 500？块！', type='text', lines=4
2026-02-05 15:55:37 - Parse-WeChatMessage: Skipped pattern '^\[\d+条?\]$' - '[9条]'
2026-02-05 15:55:37 - Parse-WeChatMessage: chatName='python技术交流群', content='林春展 - 腾飞: 没人了是这样', type='text', lines=4
2026-02-05 15:55:37 - Parse-WeChatMessage: Skipped pattern '^\[\d+条?\]$' - '[4条]'
2026-02-05 15:55:37 - Parse-WeChatMessage: chatName='豆鲨包警告', content='[破涕为笑][破涕为笑][破涕为笑]', type='text', lines=4
2026-02-05 15:55:37 - Skip: python技术交流群 - Count: 9 - Already emitted
2026-02-05 15:55:37 - Skip: 豆鲨包警告 - Count: 4 - Already emitted
2026-02-05 15:55:38 - Parse-WeChatMessage: chatName='🕊 流莺大院', content='[12条] 失业-5-废物的能小右-美团月卡: 500？块！', type='text', lines=4
2026-02-05 15:55:38 - Parse-WeChatMessage: Skipped pattern '^\[\d+条?\]$' - '[9条]'
2026-02-05 15:55:38 - Parse-WeChatMessage: chatName='python技术交流群', content='林春展 - 腾飞: 没人了是这样', type='text', lines=4
2026-02-05 15:55:38 - Parse-WeChatMessage: Skipped pattern '^\[\d+条?\]$' - '[4条]'
2026-02-05 15:55:38 - Parse-WeChatMessage: chatName='豆鲨包警告', content='[破涕为笑][破涕为笑][破涕为笑]', type='text', lines=4
2026-02-05 15:55:39 - Skip: python技术交流群 - Count: 9 - Already emitted
2026-02-05 15:55:39 - Skip: 豆鲨包警告 - Count: 4 - Already emitted
2026-02-05 15:55:40 - Parse-WeChatMessage: chatName='🕊 流莺大院', content='[12条] 失业-5-废物的能小右-美团月卡: 500？块！', type='text', lines=4
2026-02-05 15:55:40 - Parse-WeChatMessage: Skipped pattern '^\[\d+条?\]$' - '[9条]'
2026-02-05 15:55:40 - Parse-WeChatMessage: chatName='python技术交流群', content='林春展 - 腾飞: 没人了是这样', type='text', lines=4
2026-02-05 15:55:40 - Parse-WeChatMessage: Skipped pattern '^\[\d+条?\]$' - '[4条]'
2026-02-05 15:55:40 - Parse-WeChatMessage: chatName='豆鲨包警告', content='[破涕为笑][破涕为笑][破涕为笑]', type='text', lines=4
2026-02-05 15:55:40 - Skip: python技术交流群 - Count: 9 - Already emitted
2026-02-05 15:55:40 - Skip: 豆鲨包警告 - Count: 4 - Already emitted
2026-02-05 15:55:41 - Parse-WeChatMessage: chatName='🕊 流莺大院', content='[12条] 失业-5-废物的能小右-美团月卡: 500？块！', type='text', lines=4
2026-02-05 15:55:41 - Parse-WeChatMessage: Skipped pattern '^\[\d+条?\]$' - '[9条]'
2026-02-05 15:55:41 - Parse-WeChatMessage: chatName='python技术交流群', content='林春展 - 腾飞: 没人了是这样', type='text', lines=4
2026-02-05 15:55:41 - Parse-WeChatMessage: Skipped pattern '^\[\d+条?\]$' - '[4条]'
2026-02-05 15:55:41 - Parse-WeChatMessage: chatName='豆鲨包警告', content='[破涕为笑][破涕为笑][破涕为笑]', type='text', lines=4
2026-02-05 15:55:41 - Skip: python技术交流群 - Count: 9 - Already emitted
2026-02-05 15:55:41 - Skip: 豆鲨包警告 - Count: 4 - Already emitted
2026-02-05 15:55:42 - Parse-WeChatMessage: chatName='🕊 流莺大院', content='[12条] 失业-5-废物的能小右-美团月卡: 500？块！', type='text', lines=4
2026-02-05 15:55:42 - Parse-WeChatMessage: Skipped pattern '^\[\d+条?\]$' - '[9条]'
2026-02-05 15:55:42 - Parse-WeChatMessage: chatName='python技术交流群', content='林春展 - 腾飞: 没人了是这样', type='text', lines=4
2026-02-05 15:55:42 - Parse-WeChatMessage: Skipped pattern '^\[\d+条?\]$' - '[4条]'
2026-02-05 15:55:42 - Parse-WeChatMessage: chatName='豆鲨包警告', content='[破涕为笑][破涕为笑][破涕为笑]', type='text', lines=4
2026-02-05 15:55:43 - Skip: python技术交流群 - Count: 9 - Already emitted
2026-02-05 15:55:43 - Skip: 豆鲨包警告 - Count: 4 - Already emitted
2026-02-05 15:55:44 - Parse-WeChatMessage: chatName='🕊 流莺大院', content='[12条] 失业-5-废物的能小右-美团月卡: 500？块！', type='text', lines=4
2026-02-05 15:55:44 - Parse-WeChatMessage: Skipped pattern '^\[\d+条?\]$' - '[9条]'
2026-02-05 15:55:44 - Parse-WeChatMessage: chatName='python技术交流群', content='林春展 - 腾飞: 没人了是这样', type='text', lines=4
2026-02-05 15:55:44 - Parse-WeChatMessage: Skipped pattern '^\[\d+条?\]$' - '[4条]'
2026-02-05 15:55:44 - Parse-WeChatMessage: chatName='豆鲨包警告', content='[破涕为笑][破涕为笑][破涕为笑]', type='text', lines=4
2026-02-05 15:55:44 - Skip: python技术交流群 - Count: 9 - Already emitted
2026-02-05 15:55:44 - Skip: 豆鲨包警告 - Count: 4 - Already emitted
2026-02-05 15:55:45 - Parse-WeChatMessage: chatName='🕊 流莺大院', content='[12条] 失业-5-废物的能小右-美团月卡: 500？块！', type='text', lines=4
2026-02-05 15:55:45 - Parse-WeChatMessage: Skipped pattern '^\[\d+条?\]$' - '[9条]'
2026-02-05 15:55:45 - Parse-WeChatMessage: chatName='python技术交流群', content='林春展 - 腾飞: 没人了是这样', type='text', lines=4
2026-02-05 15:55:45 - Parse-WeChatMessage: Skipped pattern '^\[\d+条?\]$' - '[4条]'
2026-02-05 15:55:45 - Parse-WeChatMessage: chatName='豆鲨包警告', content='[破涕为笑][破涕为笑][破涕为笑]', type='text', lines=4
2026-02-05 15:55:45 - Skip: python技术交流群 - Count: 9 - Already emitted
2026-02-05 15:55:45 - Skip: 豆鲨包警告 - Count: 4 - Already emitted
2026-02-05 15:55:46 - Parse-WeChatMessage: chatName='🕊 流莺大院', content='[12条] 失业-5-废物的能小右-美团月卡: 500？块！', type='text', lines=4
2026-02-05 15:55:46 - Parse-WeChatMessage: Skipped pattern '^\[\d+条?\]$' - '[10条]'
2026-02-05 15:55:46 - Parse-WeChatMessage: chatName='python技术交流群', content='丁家辉: [动画表情]', type='sticker', lines=4
2026-02-05 15:55:46 - Parse-WeChatMessage: Skipped pattern '^\[\d+条?\]$' - '[4条]'
2026-02-05 15:55:46 - Parse-WeChatMessage: chatName='豆鲨包警告', content='[破涕为笑][破涕为笑][破涕为笑]', type='text', lines=4
2026-02-05 15:55:47 - Emit: python技术交流群 - Count: 10 (Unread: True) - First time
2026-02-05 15:55:47 - Skip: 豆鲨包警告 - Count: 4 - Already emitted
2026-02-05 15:55:47 - Cleanup: Removed old signature for python技术交流群|5
2026-02-05 15:55:48 - Parse-WeChatMessage: Skipped pattern '^\[\d+条?\]$' - '[10条]'
2026-02-05 15:55:48 - Parse-WeChatMessage: chatName='python技术交流群', content='丁家辉: [动画表情]', type='sticker', lines=4
2026-02-05 15:55:48 - Parse-WeChatMessage: chatName='🕊 流莺大院', content='[12条] 失业-5-废物的能小右-美团月卡: 500？块！', type='text', lines=4
2026-02-05 15:55:48 - Parse-WeChatMessage: Skipped pattern '^\[\d+条?\]$' - '[4条]'
2026-02-05 15:55:48 - Parse-WeChatMessage: chatName='豆鲨包警告', content='[破涕为笑][破涕为笑][破涕为笑]', type='text', lines=4
2026-02-05 15:55:48 - Skip: python技术交流群 - Count: 10 - Already emitted
2026-02-05 15:55:48 - Skip: 豆鲨包警告 - Count: 4 - Already emitted
2026-02-05 15:55:49 - Parse-WeChatMessage: Skipped pattern '^\[\d+条?\]$' - '[10条]'
2026-02-05 15:55:49 - Parse-WeChatMessage: chatName='python技术交流群', content='丁家辉: [动画表情]', type='sticker', lines=4
2026-02-05 15:55:49 - Parse-WeChatMessage: chatName='🕊 流莺大院', content='[13条] 西安-3-小羽: bug修不好', type='text', lines=4
2026-02-05 15:55:49 - Parse-WeChatMessage: Skipped pattern '^\[\d+条?\]$' - '[4条]'
2026-02-05 15:55:49 - Parse-WeChatMessage: chatName='豆鲨包警告', content='[破涕为笑][破涕为笑][破涕为笑]', type='text', lines=4
2026-02-05 15:55:49 - Skip: python技术交流群 - Count: 10 - Already emitted
2026-02-05 15:55:49 - Skip: 豆鲨包警告 - Count: 4 - Already emitted
2026-02-05 15:55:50 - Parse-WeChatMessage: chatName='🕊 流莺大院', content='[13条] 西安-3-小羽: bug修不好', type='text', lines=4
2026-02-05 15:55:51 - Parse-WeChatMessage: Skipped pattern '^\[\d+条?\]$' - '[10条]'
2026-02-05 15:55:51 - Parse-WeChatMessage: chatName='python技术交流群', content='丁家辉: [动画表情]', type='sticker', lines=4
2026-02-05 15:55:51 - Parse-WeChatMessage: Skipped pattern '^\[\d+条?\]$' - '[4条]'
2026-02-05 15:55:51 - Parse-WeChatMessage: chatName='豆鲨包警告', content='[破涕为笑][破涕为笑][破涕为笑]', type='text', lines=4
2026-02-05 15:55:51 - Skip: python技术交流群 - Count: 10 - Already emitted
2026-02-05 15:55:51 - Skip: 豆鲨包警告 - Count: 4 - Already emitted
2026-02-05 15:55:52 - Parse-WeChatMessage: chatName='🕊 流莺大院', content='[14条] 西安-3-小羽: [动画表情]', type='sticker', lines=4
2026-02-05 15:55:52 - Parse-WeChatMessage: Skipped pattern '^\[\d+条?\]$' - '[10条]'
2026-02-05 15:55:52 - Parse-WeChatMessage: chatName='python技术交流群', content='丁家辉: [动画表情]', type='sticker', lines=4
2026-02-05 15:55:52 - Parse-WeChatMessage: Skipped pattern '^\[\d+条?\]$' - '[4条]'
2026-02-05 15:55:52 - Parse-WeChatMessage: chatName='豆鲨包警告', content='[破涕为笑][破涕为笑][破涕为笑]', type='text', lines=4
2026-02-05 15:55:52 - Skip: python技术交流群 - Count: 10 - Already emitted
2026-02-05 15:55:52 - Skip: 豆鲨包警告 - Count: 4 - Already emitted
2026-02-05 15:55:53 - Parse-WeChatMessage: chatName='🕊 流莺大院', content='[14条] 西安-3-小羽: [动画表情]', type='sticker', lines=4
2026-02-05 15:55:53 - Parse-WeChatMessage: Skipped pattern '^\[\d+条?\]$' - '[10条]'
2026-02-05 15:55:53 - Parse-WeChatMessage: chatName='python技术交流群', content='丁家辉: [动画表情]', type='sticker', lines=4
2026-02-05 15:55:53 - Parse-WeChatMessage: Skipped pattern '^\[\d+条?\]$' - '[4条]'
2026-02-05 15:55:53 - Parse-WeChatMessage: chatName='豆鲨包警告', content='[破涕为笑][破涕为笑][破涕为笑]', type='text', lines=4
2026-02-05 15:55:54 - Skip: python技术交流群 - Count: 10 - Already emitted
2026-02-05 15:55:54 - Skip: 豆鲨包警告 - Count: 4 - Already emitted
2026-02-05 15:55:54 - Parse-WeChatMessage: chatName='🕊 流莺大院', content='[14条] 西安-3-小羽: [动画表情]', type='sticker', lines=4
2026-02-05 15:55:54 - Parse-WeChatMessage: Skipped pattern '^\[\d+条?\]$' - '[10条]'
2026-02-05 15:55:54 - Parse-WeChatMessage: chatName='python技术交流群', content='丁家辉: [动画表情]', type='sticker', lines=4
2026-02-05 15:55:55 - Parse-WeChatMessage: Skipped pattern '^\[\d+条?\]$' - '[4条]'
2026-02-05 15:55:55 - Parse-WeChatMessage: chatName='豆鲨包警告', content='[破涕为笑][破涕为笑][破涕为笑]', type='text', lines=4
2026-02-05 15:55:55 - Skip: python技术交流群 - Count: 10 - Already emitted
2026-02-05 15:55:55 - Skip: 豆鲨包警告 - Count: 4 - Already emitted
2026-02-05 15:55:56 - Parse-WeChatMessage: chatName='🕊 流莺大院', content='[15条] 杭州-1-阿轩爱睡觉: 1k', type='text', lines=4
2026-02-05 15:55:56 - Parse-WeChatMessage: Skipped pattern '^\[\d+条?\]$' - '[10条]'
2026-02-05 15:55:56 - Parse-WeChatMessage: chatName='python技术交流群', content='丁家辉: [动画表情]', type='sticker', lines=4
2026-02-05 15:55:56 - Parse-WeChatMessage: Skipped pattern '^\[\d+条?\]$' - '[4条]'
2026-02-05 15:55:56 - Parse-WeChatMessage: chatName='豆鲨包警告', content='[破涕为笑][破涕为笑][破涕为笑]', type='text', lines=4
2026-02-05 15:55:56 - Skip: python技术交流群 - Count: 10 - Already emitted
2026-02-05 15:55:56 - Skip: 豆鲨包警告 - Count: 4 - Already emitted
2026-02-05 15:55:57 - Parse-WeChatMessage: chatName='🕊 流莺大院', content='[15条] 杭州-1-阿轩爱睡觉: 1k', type='text', lines=4
2026-02-05 15:55:57 - Parse-WeChatMessage: Skipped pattern '^\[\d+条?\]$' - '[10条]'
2026-02-05 15:55:57 - Parse-WeChatMessage: chatName='python技术交流群', content='丁家辉: [动画表情]', type='sticker', lines=4
2026-02-05 15:55:57 - Parse-WeChatMessage: Skipped pattern '^\[\d+条?\]$' - '[4条]'
2026-02-05 15:55:57 - Parse-WeChatMessage: chatName='豆鲨包警告', content='[破涕为笑][破涕为笑][破涕为笑]', type='text', lines=4
2026-02-05 15:55:57 - Skip: python技术交流群 - Count: 10 - Already emitted
2026-02-05 15:55:57 - Skip: 豆鲨包警告 - Count: 4 - Already emitted
2026-02-05 15:55:58 - Parse-WeChatMessage: chatName='🕊 流莺大院', content='[15条] 杭州-1-阿轩爱睡觉: 1k', type='text', lines=4
2026-02-05 15:55:58 - Parse-WeChatMessage: Skipped pattern '^\[\d+条?\]$' - '[10条]'
2026-02-05 15:55:58 - Parse-WeChatMessage: chatName='python技术交流群', content='丁家辉: [动画表情]', type='sticker', lines=4
2026-02-05 15:55:58 - Parse-WeChatMessage: Skipped pattern '^\[\d+条?\]$' - '[4条]'
2026-02-05 15:55:58 - Parse-WeChatMessage: chatName='豆鲨包警告', content='[破涕为笑][破涕为笑][破涕为笑]', type='text', lines=4
2026-02-05 15:55:59 - Skip: python技术交流群 - Count: 10 - Already emitted
2026-02-05 15:55:59 - Skip: 豆鲨包警告 - Count: 4 - Already emitted
2026-02-05 15:56:00 - Parse-WeChatMessage: chatName='🕊 流莺大院', content='[15条] 杭州-1-阿轩爱睡觉: 1k', type='text', lines=4
2026-02-05 15:56:00 - Parse-WeChatMessage: Skipped pattern '^\[\d+条?\]$' - '[10条]'
2026-02-05 15:56:00 - Parse-WeChatMessage: chatName='python技术交流群', content='丁家辉: [动画表情]', type='sticker', lines=4
2026-02-05 15:56:00 - Parse-WeChatMessage: Skipped pattern '^\[\d+条?\]$' - '[4条]'
2026-02-05 15:56:00 - Parse-WeChatMessage: chatName='豆鲨包警告', content='[破涕为笑][破涕为笑][破涕为笑]', type='text', lines=4
2026-02-05 15:56:00 - Skip: python技术交流群 - Count: 10 - Already emitted
2026-02-05 15:56:00 - Skip: 豆鲨包警告 - Count: 4 - Already emitted
2026-02-05 15:56:01 - Parse-WeChatMessage: chatName='🕊 流莺大院', content='[15条] 杭州-1-阿轩爱睡觉: 1k', type='text', lines=4
2026-02-05 15:56:01 - Parse-WeChatMessage: Skipped pattern '^\[\d+条?\]$' - '[10条]'
2026-02-05 15:56:01 - Parse-WeChatMessage: chatName='python技术交流群', content='丁家辉: [动画表情]', type='sticker', lines=4
2026-02-05 15:56:01 - Parse-WeChatMessage: Skipped pattern '^\[\d+条?\]$' - '[4条]'
2026-02-05 15:56:01 - Parse-WeChatMessage: chatName='豆鲨包警告', content='[破涕为笑][破涕为笑][破涕为笑]', type='text', lines=4
2026-02-05 15:56:01 - Skip: python技术交流群 - Count: 10 - Already emitted
2026-02-05 15:56:01 - Skip: 豆鲨包警告 - Count: 4 - Already emitted
2026-02-05 15:56:02 - Parse-WeChatMessage: chatName='🕊 流莺大院', content='[15条] 杭州-1-阿轩爱睡觉: 1k', type='text', lines=4
2026-02-05 15:56:02 - Parse-WeChatMessage: Skipped pattern '^\[\d+条?\]$' - '[10条]'
2026-02-05 15:56:02 - Parse-WeChatMessage: chatName='python技术交流群', content='丁家辉: [动画表情]', type='sticker', lines=4
2026-02-05 15:56:02 - Parse-WeChatMessage: Skipped pattern '^\[\d+条?\]$' - '[4条]'
2026-02-05 15:56:02 - Parse-WeChatMessage: chatName='豆鲨包警告', content='[破涕为笑][破涕为笑][破涕为笑]', type='text', lines=4
2026-02-05 15:56:03 - Skip: python技术交流群 - Count: 10 - Already emitted
2026-02-05 15:56:03 - Skip: 豆鲨包警告 - Count: 4 - Already emitted
2026-02-05 15:56:04 - Parse-WeChatMessage: chatName='🕊 流莺大院', content='[15条] 杭州-1-阿轩爱睡觉: 1k', type='text', lines=4
2026-02-05 15:56:04 - Parse-WeChatMessage: Skipped pattern '^\[\d+条?\]$' - '[10条]'
2026-02-05 15:56:04 - Parse-WeChatMessage: chatName='python技术交流群', content='丁家辉: [动画表情]', type='sticker', lines=4
2026-02-05 15:56:04 - Parse-WeChatMessage: Skipped pattern '^\[\d+条?\]$' - '[4条]'
2026-02-05 15:56:04 - Parse-WeChatMessage: chatName='豆鲨包警告', content='[破涕为笑][破涕为笑][破涕为笑]', type='text', lines=4
2026-02-05 15:56:04 - Skip: python技术交流群 - Count: 10 - Already emitted
2026-02-05 15:56:04 - Skip: 豆鲨包警告 - Count: 4 - Already emitted
2026-02-05 15:56:05 - Parse-WeChatMessage: Skipped pattern '^\[\d+条?\]$' - '[11条]'
2026-02-05 15:56:05 - Parse-WeChatMessage: chatName='python技术交流群', content='丁家辉: 有啊 还有小王 小胡', type='text', lines=4
2026-02-05 15:56:05 - Parse-WeChatMessage: chatName='🕊 流莺大院', content='[15条] 杭州-1-阿轩爱睡觉: 1k', type='text', lines=4
2026-02-05 15:56:05 - Parse-WeChatMessage: Skipped pattern '^\[\d+条?\]$' - '[4条]'
2026-02-05 15:56:05 - Parse-WeChatMessage: chatName='豆鲨包警告', content='[破涕为笑][破涕为笑][破涕为笑]', type='text', lines=4
2026-02-05 15:56:05 - Emit: python技术交流群 - Count: 11 (Unread: True) - First time
2026-02-05 15:56:05 - Skip: 豆鲨包警告 - Count: 4 - Already emitted
2026-02-05 15:56:06 - Parse-WeChatMessage: chatName='🕊 流莺大院', content='[16条] 杭州-1-阿轩爱睡觉: [动画表情]', type='sticker', lines=4
2026-02-05 15:56:06 - Parse-WeChatMessage: Skipped pattern '^\[\d+条?\]$' - '[11条]'
2026-02-05 15:56:06 - Parse-WeChatMessage: chatName='python技术交流群', content='丁家辉: 有啊 还有小王 小胡', type='text', lines=4
2026-02-05 15:56:06 - Parse-WeChatMessage: Skipped pattern '^\[\d+条?\]$' - '[4条]'
2026-02-05 15:56:06 - Parse-WeChatMessage: chatName='豆鲨包警告', content='[破涕为笑][破涕为笑][破涕为笑]', type='text', lines=4
2026-02-05 15:56:06 - Skip: python技术交流群 - Count: 11 - Already emitted
2026-02-05 15:56:06 - Skip: 豆鲨包警告 - Count: 4 - Already emitted
2026-02-05 15:56:07 - Parse-WeChatMessage: chatName='🕊 流莺大院', content='[16条] 杭州-1-阿轩爱睡觉: [动画表情]', type='sticker', lines=4
2026-02-05 15:56:07 - Parse-WeChatMessage: Skipped pattern '^\[\d+条?\]$' - '[11条]'
2026-02-05 15:56:07 - Parse-WeChatMessage: chatName='python技术交流群', content='丁家辉: 有啊 还有小王 小胡', type='text', lines=4
2026-02-05 15:56:07 - Parse-WeChatMessage: Skipped pattern '^\[\d+条?\]$' - '[4条]'
2026-02-05 15:56:07 - Parse-WeChatMessage: chatName='豆鲨包警告', content='[破涕为笑][破涕为笑][破涕为笑]', type='text', lines=4
2026-02-05 15:56:08 - Skip: python技术交流群 - Count: 11 - Already emitted
2026-02-05 15:56:08 - Skip: 豆鲨包警告 - Count: 4 - Already emitted
2026-02-05 15:56:09 - Parse-WeChatMessage: chatName='🕊 流莺大院', content='[16条] 杭州-1-阿轩爱睡觉: [动画表情]', type='sticker', lines=4
2026-02-05 15:56:09 - Parse-WeChatMessage: Skipped pattern '^\[\d+条?\]$' - '[11条]'
2026-02-05 15:56:09 - Parse-WeChatMessage: chatName='python技术交流群', content='丁家辉: 有啊 还有小王 小胡', type='text', lines=4
2026-02-05 15:56:09 - Parse-WeChatMessage: Skipped pattern '^\[\d+条?\]$' - '[4条]'
2026-02-05 15:56:09 - Parse-WeChatMessage: chatName='豆鲨包警告', content='[破涕为笑][破涕为笑][破涕为笑]', type='text', lines=4
2026-02-05 15:56:09 - Skip: python技术交流群 - Count: 11 - Already emitted
2026-02-05 15:56:09 - Skip: 豆鲨包警告 - Count: 4 - Already emitted
2026-02-05 15:56:10 - Parse-WeChatMessage: chatName='🕊 流莺大院', content='[16条] 杭州-1-阿轩爱睡觉: [动画表情]', type='sticker', lines=4
2026-02-05 15:56:10 - Parse-WeChatMessage: Skipped pattern '^\[\d+条?\]$' - '[11条]'
2026-02-05 15:56:10 - Parse-WeChatMessage: chatName='python技术交流群', content='丁家辉: 有啊 还有小王 小胡', type='text', lines=4
2026-02-05 15:56:10 - Parse-WeChatMessage: Skipped pattern '^\[\d+条?\]$' - '[4条]'
2026-02-05 15:56:10 - Parse-WeChatMessage: chatName='豆鲨包警告', content='[破涕为笑][破涕为笑][破涕为笑]', type='text', lines=4
2026-02-05 15:56:10 - Skip: python技术交流群 - Count: 11 - Already emitted
2026-02-05 15:56:10 - Skip: 豆鲨包警告 - Count: 4 - Already emitted
2026-02-05 15:56:11 - Parse-WeChatMessage: chatName='🕊 流莺大院', content='[16条] 杭州-1-阿轩爱睡觉: [动画表情]', type='sticker', lines=4
2026-02-05 15:56:11 - Parse-WeChatMessage: Skipped pattern '^\[\d+条?\]$' - '[11条]'
2026-02-05 15:56:11 - Parse-WeChatMessage: chatName='python技术交流群', content='丁家辉: 有啊 还有小王 小胡', type='text', lines=4
2026-02-05 15:56:11 - Parse-WeChatMessage: Skipped pattern '^\[\d+条?\]$' - '[4条]'
2026-02-05 15:56:11 - Parse-WeChatMessage: chatName='豆鲨包警告', content='[破涕为笑][破涕为笑][破涕为笑]', type='text', lines=4
2026-02-05 15:56:12 - Skip: python技术交流群 - Count: 11 - Already emitted
2026-02-05 15:56:12 - Skip: 豆鲨包警告 - Count: 4 - Already emitted
2026-02-05 15:56:12 - Parse-WeChatMessage: chatName='🕊 流莺大院', content='[16条] 杭州-1-阿轩爱睡觉: [动画表情]', type='sticker', lines=4
2026-02-05 15:56:12 - Parse-WeChatMessage: Skipped pattern '^\[\d+条?\]$' - '[11条]'
2026-02-05 15:56:12 - Parse-WeChatMessage: chatName='python技术交流群', content='丁家辉: 有啊 还有小王 小胡', type='text', lines=4
2026-02-05 15:56:13 - Parse-WeChatMessage: Skipped pattern '^\[\d+条?\]$' - '[4条]'
2026-02-05 15:56:13 - Parse-WeChatMessage: chatName='豆鲨包警告', content='[破涕为笑][破涕为笑][破涕为笑]', type='text', lines=4
2026-02-05 15:56:13 - Skip: python技术交流群 - Count: 11 - Already emitted
2026-02-05 15:56:13 - Skip: 豆鲨包警告 - Count: 4 - Already emitted
2026-02-05 15:56:13 - Cleanup: Removed old signature for python技术交流群|6
2026-02-05 15:56:13 - Cleanup: Removed old signature for python技术交流群|7
